TpTrace Verbose: 0 : 5416, 1, 2022/10/13, 15:13:02.767, 1530775327735, vstest.console.dll, Version: 17.3.0 Current process architecture: X64
TpTrace Verbose: 0 : 5416, 1, 2022/10/13, 15:13:02.769, 1530775342860, vstest.console.dll, Runtime location: C:\Program Files\dotnet\shared\Microsoft.NETCore.App\6.0.9
TpTrace Information: 0 : 5416, 1, 2022/10/13, 15:13:02.774, 1530775396197, vstest.console.dll, FilePatternParser: The given file D:\Practica2Calidad\XUnitTesting\bin\Debug\netcoreapp3.1\fine-code-coverage\build-output\XUnitTesting.dll is a full path.
TpTrace Verbose: 0 : 5416, 1, 2022/10/13, 15:13:02.780, 1530775449009, vstest.console.dll, TestPluginCache.DiscoverTestExtensions: finding test extensions in assemblies ends with: RuntimeProvider.dll TPluginInfo: Microsoft.VisualStudio.TestPlatform.Common.ExtensionFramework.Utilities.TestRuntimePluginInformation TExtension: Microsoft.VisualStudio.TestPlatform.ObjectModel.Host.ITestRuntimeProvider
TpTrace Verbose: 0 : 5416, 1, 2022/10/13, 15:13:02.780, 1530775452892, vstest.console.dll, TestPluginCache.GetExtensionPaths: Filtered extension paths: 
TpTrace Verbose: 0 : 5416, 1, 2022/10/13, 15:13:02.780, 1530775453645, vstest.console.dll, TestPluginCache.GetExtensionPaths: Added default extension paths: C:\Program Files\dotnet\sdk\6.0.401\Extensions\Microsoft.Diagnostics.NETCore.Client.dll
C:\Program Files\dotnet\sdk\6.0.401\Extensions\Microsoft.TestPlatform.Extensions.BlameDataCollector.dll
C:\Program Files\dotnet\sdk\6.0.401\Extensions\Microsoft.TestPlatform.Extensions.EventLogCollector.dll
C:\Program Files\dotnet\sdk\6.0.401\Extensions\Microsoft.TestPlatform.TestHostRuntimeProvider.dll
C:\Program Files\dotnet\sdk\6.0.401\Extensions\Microsoft.VisualStudio.TestPlatform.Extensions.Html.TestLogger.dll
C:\Program Files\dotnet\sdk\6.0.401\Extensions\Microsoft.VisualStudio.TestPlatform.Extensions.Trx.TestLogger.dll
TpTrace Verbose: 0 : 5416, 1, 2022/10/13, 15:13:02.780, 1530775453997, vstest.console.dll, TestPluginCache.GetExtensionPaths: Added unfilterableExtensionPaths: 
TpTrace Information: 0 : 5416, 1, 2022/10/13, 15:13:02.780, 1530775458791, vstest.console.dll, AssemblyResolver.ctor: Creating AssemblyResolver with searchDirectories C:\Program Files\dotnet\sdk\6.0.401\Extensions,C:\Program Files\dotnet\sdk\6.0.401
TpTrace Verbose: 0 : 5416, 1, 2022/10/13, 15:13:02.781, 1530775465208, vstest.console.dll, TestPluginCache.DiscoverTestExtensions: Discovering the extensions using extension path.
TpTrace Verbose: 0 : 5416, 1, 2022/10/13, 15:13:02.781, 1530775466130, vstest.console.dll, TestPluginCache.GetExtensionPaths: Filtered extension paths: 
TpTrace Verbose: 0 : 5416, 1, 2022/10/13, 15:13:02.781, 1530775466464, vstest.console.dll, TestPluginCache.GetExtensionPaths: Added default extension paths: C:\Program Files\dotnet\sdk\6.0.401\Extensions\Microsoft.Diagnostics.NETCore.Client.dll
C:\Program Files\dotnet\sdk\6.0.401\Extensions\Microsoft.TestPlatform.Extensions.BlameDataCollector.dll
C:\Program Files\dotnet\sdk\6.0.401\Extensions\Microsoft.TestPlatform.Extensions.EventLogCollector.dll
C:\Program Files\dotnet\sdk\6.0.401\Extensions\Microsoft.TestPlatform.TestHostRuntimeProvider.dll
C:\Program Files\dotnet\sdk\6.0.401\Extensions\Microsoft.VisualStudio.TestPlatform.Extensions.Html.TestLogger.dll
C:\Program Files\dotnet\sdk\6.0.401\Extensions\Microsoft.VisualStudio.TestPlatform.Extensions.Trx.TestLogger.dll
TpTrace Verbose: 0 : 5416, 1, 2022/10/13, 15:13:02.781, 1530775466750, vstest.console.dll, TestPluginCache.GetExtensionPaths: Added unfilterableExtensionPaths: 
TpTrace Verbose: 0 : 5416, 1, 2022/10/13, 15:13:02.781, 1530775467201, vstest.console.dll, TestPluginCache.DiscoverTestExtensions: Discovering the extensions using allExtensionPaths: C:\Program Files\dotnet\sdk\6.0.401\Extensions\Microsoft.Diagnostics.NETCore.Client.dll
C:\Program Files\dotnet\sdk\6.0.401\Extensions\Microsoft.TestPlatform.Extensions.BlameDataCollector.dll
C:\Program Files\dotnet\sdk\6.0.401\Extensions\Microsoft.TestPlatform.Extensions.EventLogCollector.dll
C:\Program Files\dotnet\sdk\6.0.401\Extensions\Microsoft.TestPlatform.TestHostRuntimeProvider.dll
C:\Program Files\dotnet\sdk\6.0.401\Extensions\Microsoft.VisualStudio.TestPlatform.Extensions.Html.TestLogger.dll
C:\Program Files\dotnet\sdk\6.0.401\Extensions\Microsoft.VisualStudio.TestPlatform.Extensions.Trx.TestLogger.dll
TpTrace Information: 0 : 5416, 1, 2022/10/13, 15:13:02.781, 1530775468525, vstest.console.dll, AssemblyResolver.AddSearchDirectories: Adding more searchDirectories C:\Program Files\dotnet\sdk\6.0.401\Extensions,C:\Program Files\dotnet\sdk\6.0.401
TpTrace Information: 0 : 5416, 1, 2022/10/13, 15:13:02.782, 1530775468948, vstest.console.dll, AssemblyResolver.AddSearchDirectories: Adding more searchDirectories C:\Program Files\dotnet\sdk\6.0.401\Extensions,C:\Program Files\dotnet\sdk\6.0.401
TpTrace Information: 0 : 5416, 1, 2022/10/13, 15:13:02.782, 1530775469219, vstest.console.dll, AssemblyResolver.AddSearchDirectories: Adding more searchDirectories C:\Program Files\dotnet\sdk\6.0.401\Extensions,C:\Program Files\dotnet\sdk\6.0.401
TpTrace Information: 0 : 5416, 1, 2022/10/13, 15:13:02.782, 1530775469496, vstest.console.dll, AssemblyResolver.AddSearchDirectories: Adding more searchDirectories C:\Program Files\dotnet\sdk\6.0.401\Extensions,C:\Program Files\dotnet\sdk\6.0.401
TpTrace Information: 0 : 5416, 1, 2022/10/13, 15:13:02.782, 1530775469738, vstest.console.dll, AssemblyResolver.AddSearchDirectories: Adding more searchDirectories C:\Program Files\dotnet\sdk\6.0.401\Extensions,C:\Program Files\dotnet\sdk\6.0.401
TpTrace Information: 0 : 5416, 1, 2022/10/13, 15:13:02.782, 1530775469973, vstest.console.dll, AssemblyResolver.AddSearchDirectories: Adding more searchDirectories C:\Program Files\dotnet\sdk\6.0.401\Extensions,C:\Program Files\dotnet\sdk\6.0.401
TpTrace Information: 0 : 5416, 1, 2022/10/13, 15:13:02.782, 1530775472698, vstest.console.dll, AssemblyResolver.OnResolve: Microsoft.Diagnostics.NETCore.Client: Resolving assembly.
TpTrace Information: 0 : 5416, 1, 2022/10/13, 15:13:02.782, 1530775473240, vstest.console.dll, AssemblyResolver.OnResolve: Microsoft.Diagnostics.NETCore.Client: Searching in: 'C:\Program Files\dotnet\sdk\6.0.401\Extensions'.
TpTrace Information: 0 : 5416, 1, 2022/10/13, 15:13:02.782, 1530775478036, vstest.console.dll, AssemblyResolver.OnResolve: Microsoft.Diagnostics.NETCore.Client: Loading assembly 'C:\Program Files\dotnet\sdk\6.0.401\Extensions\Microsoft.Diagnostics.NETCore.Client.dll'.
TpTrace Information: 0 : 5416, 1, 2022/10/13, 15:13:02.783, 1530775485252, vstest.console.dll, AssemblyResolver.OnResolve: Resolved assembly: Microsoft.Diagnostics.NETCore.Client, from path: C:\Program Files\dotnet\sdk\6.0.401\Extensions\Microsoft.Diagnostics.NETCore.Client.dll
TpTrace Verbose: 0 : 5416, 1, 2022/10/13, 15:13:02.787, 1530775525224, vstest.console.dll, MetadataReaderExtensionsHelper: Discovering extensions inside assembly 'Microsoft.Diagnostics.NETCore.Client, Version=0.2.5.801, Culture=neutral, PublicKeyToken=31bf3856ad364e35' file path 'C:\Program Files\dotnet\sdk\6.0.401\Extensions\Microsoft.Diagnostics.NETCore.Client.dll'
TpTrace Information: 0 : 5416, 1, 2022/10/13, 15:13:02.796, 1530775617820, vstest.console.dll, AssemblyResolver.OnResolve: Microsoft.Bcl.AsyncInterfaces: Resolving assembly.
TpTrace Information: 0 : 5416, 1, 2022/10/13, 15:13:02.796, 1530775618559, vstest.console.dll, AssemblyResolver.OnResolve: Microsoft.Bcl.AsyncInterfaces: Searching in: 'C:\Program Files\dotnet\sdk\6.0.401\Extensions'.
TpTrace Information: 0 : 5416, 1, 2022/10/13, 15:13:02.797, 1530775619164, vstest.console.dll, AssemblyResolver.OnResolve: Microsoft.Bcl.AsyncInterfaces: Assembly path does not exist: 'C:\Program Files\dotnet\sdk\6.0.401\Extensions\Microsoft.Bcl.AsyncInterfaces.dll', returning.
TpTrace Information: 0 : 5416, 1, 2022/10/13, 15:13:02.797, 1530775619679, vstest.console.dll, AssemblyResolver.OnResolve: Microsoft.Bcl.AsyncInterfaces: Assembly path does not exist: 'C:\Program Files\dotnet\sdk\6.0.401\Extensions\Microsoft.Bcl.AsyncInterfaces.exe', returning.
TpTrace Information: 0 : 5416, 1, 2022/10/13, 15:13:02.797, 1530775619937, vstest.console.dll, AssemblyResolver.OnResolve: Microsoft.Bcl.AsyncInterfaces: Searching in: 'C:\Program Files\dotnet\sdk\6.0.401'.
TpTrace Information: 0 : 5416, 1, 2022/10/13, 15:13:02.797, 1530775620716, vstest.console.dll, AssemblyResolver.OnResolve: Microsoft.Bcl.AsyncInterfaces: Assembly path does not exist: 'C:\Program Files\dotnet\sdk\6.0.401\Microsoft.Bcl.AsyncInterfaces.dll', returning.
TpTrace Information: 0 : 5416, 1, 2022/10/13, 15:13:02.797, 1530775621196, vstest.console.dll, AssemblyResolver.OnResolve: Microsoft.Bcl.AsyncInterfaces: Assembly path does not exist: 'C:\Program Files\dotnet\sdk\6.0.401\Microsoft.Bcl.AsyncInterfaces.exe', returning.
TpTrace Information: 0 : 5416, 1, 2022/10/13, 15:13:02.797, 1530775621499, vstest.console.dll, AssemblyResolver.OnResolve: Microsoft.Bcl.AsyncInterfaces: Failed to load assembly.
TpTrace Verbose: 0 : 5416, 1, 2022/10/13, 15:13:02.797, 1530775621811, vstest.console.dll, CurrentDomainAssemblyResolve: Resolving assembly 'Microsoft.Bcl.AsyncInterfaces'.
TpTrace Information: 0 : 5416, 1, 2022/10/13, 15:13:02.797, 1530775622277, vstest.console.dll, AssemblyResolver.OnResolve: Microsoft.Bcl.AsyncInterfaces: Resolving assembly.
TpTrace Information: 0 : 5416, 1, 2022/10/13, 15:13:02.797, 1530775622594, vstest.console.dll, AssemblyResolver.OnResolve: Microsoft.Bcl.AsyncInterfaces: Resolved from cache.
TpTrace Verbose: 0 : 5416, 1, 2022/10/13, 15:13:02.797, 1530775622845, vstest.console.dll, CurrentDomainAssemblyResolve: Resolving assembly 'Microsoft.Bcl.AsyncInterfaces'.
TpTrace Verbose: 0 : 5416, 1, 2022/10/13, 15:13:02.797, 1530775623173, vstest.console.dll, CurrentDomainAssemblyResolve: Failed to resolve assembly 'Microsoft.Bcl.AsyncInterfaces'.
TpTrace Verbose: 0 : 5416, 1, 2022/10/13, 15:13:02.797, 1530775626907, vstest.console.dll, CurrentDomainAssemblyResolve: Failed to resolve assembly 'Microsoft.Bcl.AsyncInterfaces'.
TpTrace Warning: 0 : 5416, 1, 2022/10/13, 15:13:02.806, 1530775718019, vstest.console.dll, TestPluginDiscoverer: Failed to get types from assembly 'Microsoft.Diagnostics.NETCore.Client, Version=0.2.5.801, Culture=neutral, PublicKeyToken=31bf3856ad364e35'. Error: System.Reflection.ReflectionTypeLoadException: Unable to load one or more of the requested types.
Could not load file or assembly 'Microsoft.Bcl.AsyncInterfaces, Version=1.0.0.0, Culture=neutral, PublicKeyToken=cc7b13ffcd2ddd51'. El sistema no puede encontrar el archivo especificado.
   at System.Reflection.RuntimeModule.GetTypes(RuntimeModule module)
   at System.Reflection.Assembly.GetTypes()
   at Microsoft.VisualStudio.TestPlatform.Common.ExtensionFramework.TestPluginDiscoverer.GetTestExtensionsFromAssembly[TPluginInfo,TExtension](Assembly assembly, Dictionary`2 pluginInfos, String filePath)
System.IO.FileNotFoundException: Could not load file or assembly 'Microsoft.Bcl.AsyncInterfaces, Version=1.0.0.0, Culture=neutral, PublicKeyToken=cc7b13ffcd2ddd51'. El sistema no puede encontrar el archivo especificado.
File name: 'Microsoft.Bcl.AsyncInterfaces, Version=1.0.0.0, Culture=neutral, PublicKeyToken=cc7b13ffcd2ddd51'
 ---> System.IO.FileNotFoundException: Could not load file or assembly 'Microsoft.Bcl.AsyncInterfaces, Culture=neutral, PublicKeyToken=null'. El sistema no puede encontrar el archivo especificado.
File name: 'Microsoft.Bcl.AsyncInterfaces, Culture=neutral, PublicKeyToken=null'
   at System.Reflection.RuntimeAssembly.InternalLoad(ObjectHandleOnStack assemblyName, ObjectHandleOnStack requestingAssembly, StackCrawlMarkHandle stackMark, Boolean throwOnFileNotFound, ObjectHandleOnStack assemblyLoadContext, ObjectHandleOnStack retAssembly)
   at System.Reflection.RuntimeAssembly.InternalLoad(AssemblyName assemblyName, RuntimeAssembly requestingAssembly, StackCrawlMark& stackMark, Boolean throwOnFileNotFound, AssemblyLoadContext assemblyLoadContext)
   at System.Reflection.Assembly.Load(AssemblyName assemblyRef)
   at Microsoft.VisualStudio.TestPlatform.Common.ExtensionFramework.TestPluginCache.CurrentDomainAssemblyResolve(Object sender, AssemblyResolveEventArgs args)
   at Microsoft.VisualStudio.TestPlatform.PlatformAbstractions.PlatformAssemblyResolver.AssemblyResolverEvent(Object sender, Object eventArgs)
   at System.Runtime.Loader.AssemblyLoadContext.GetFirstResolvedAssemblyFromResolvingEvent(AssemblyName assemblyName)
   at System.Runtime.Loader.AssemblyLoadContext.ResolveUsingEvent(AssemblyName assemblyName)
   at System.Runtime.Loader.AssemblyLoadContext.ResolveUsingResolvingEvent(IntPtr gchManagedAssemblyLoadContext, AssemblyName assemblyName)
TpTrace Warning: 0 : 5416, 1, 2022/10/13, 15:13:02.807, 1530775721780, vstest.console.dll, LoaderExceptions: System.IO.FileNotFoundException: Could not load file or assembly 'Microsoft.Bcl.AsyncInterfaces, Version=1.0.0.0, Culture=neutral, PublicKeyToken=cc7b13ffcd2ddd51'. El sistema no puede encontrar el archivo especificado.
File name: 'Microsoft.Bcl.AsyncInterfaces, Version=1.0.0.0, Culture=neutral, PublicKeyToken=cc7b13ffcd2ddd51'
 ---> System.IO.FileNotFoundException: Could not load file or assembly 'Microsoft.Bcl.AsyncInterfaces, Culture=neutral, PublicKeyToken=null'. El sistema no puede encontrar el archivo especificado.
File name: 'Microsoft.Bcl.AsyncInterfaces, Culture=neutral, PublicKeyToken=null'
   at System.Reflection.RuntimeAssembly.InternalLoad(ObjectHandleOnStack assemblyName, ObjectHandleOnStack requestingAssembly, StackCrawlMarkHandle stackMark, Boolean throwOnFileNotFound, ObjectHandleOnStack assemblyLoadContext, ObjectHandleOnStack retAssembly)
   at System.Reflection.RuntimeAssembly.InternalLoad(AssemblyName assemblyName, RuntimeAssembly requestingAssembly, StackCrawlMark& stackMark, Boolean throwOnFileNotFound, AssemblyLoadContext assemblyLoadContext)
   at System.Reflection.Assembly.Load(AssemblyName assemblyRef)
   at Microsoft.VisualStudio.TestPlatform.Common.ExtensionFramework.TestPluginCache.CurrentDomainAssemblyResolve(Object sender, AssemblyResolveEventArgs args)
   at Microsoft.VisualStudio.TestPlatform.PlatformAbstractions.PlatformAssemblyResolver.AssemblyResolverEvent(Object sender, Object eventArgs)
   at System.Runtime.Loader.AssemblyLoadContext.GetFirstResolvedAssemblyFromResolvingEvent(AssemblyName assemblyName)
   at System.Runtime.Loader.AssemblyLoadContext.ResolveUsingEvent(AssemblyName assemblyName)
   at System.Runtime.Loader.AssemblyLoadContext.ResolveUsingResolvingEvent(IntPtr gchManagedAssemblyLoadContext, AssemblyName assemblyName)
TpTrace Information: 0 : 5416, 1, 2022/10/13, 15:13:02.807, 1530775723212, vstest.console.dll, AssemblyResolver.OnResolve: Microsoft.TestPlatform.Extensions.BlameDataCollector: Resolving assembly.
TpTrace Information: 0 : 5416, 1, 2022/10/13, 15:13:02.807, 1530775723601, vstest.console.dll, AssemblyResolver.OnResolve: Microsoft.TestPlatform.Extensions.BlameDataCollector: Searching in: 'C:\Program Files\dotnet\sdk\6.0.401\Extensions'.
TpTrace Information: 0 : 5416, 1, 2022/10/13, 15:13:02.807, 1530775728008, vstest.console.dll, AssemblyResolver.OnResolve: Microsoft.TestPlatform.Extensions.BlameDataCollector: Loading assembly 'C:\Program Files\dotnet\sdk\6.0.401\Extensions\Microsoft.TestPlatform.Extensions.BlameDataCollector.dll'.
TpTrace Information: 0 : 5416, 1, 2022/10/13, 15:13:02.808, 1530775734876, vstest.console.dll, AssemblyResolver.OnResolve: Resolved assembly: Microsoft.TestPlatform.Extensions.BlameDataCollector, from path: C:\Program Files\dotnet\sdk\6.0.401\Extensions\Microsoft.TestPlatform.Extensions.BlameDataCollector.dll
TpTrace Verbose: 0 : 5416, 1, 2022/10/13, 15:13:02.808, 1530775735640, vstest.console.dll, MetadataReaderExtensionsHelper: Discovering extensions inside assembly 'Microsoft.TestPlatform.Extensions.BlameDataCollector, Version=15.0.0.0, Culture=neutral, PublicKeyToken=b03f5f7f11d50a3a' file path 'C:\Program Files\dotnet\sdk\6.0.401\Extensions\Microsoft.TestPlatform.Extensions.BlameDataCollector.dll'
TpTrace Information: 0 : 5416, 1, 2022/10/13, 15:13:02.809, 1530775747597, vstest.console.dll, AssemblyResolver.OnResolve: Microsoft.TestPlatform.Extensions.EventLogCollector: Resolving assembly.
TpTrace Information: 0 : 5416, 1, 2022/10/13, 15:13:02.809, 1530775748156, vstest.console.dll, AssemblyResolver.OnResolve: Microsoft.TestPlatform.Extensions.EventLogCollector: Searching in: 'C:\Program Files\dotnet\sdk\6.0.401\Extensions'.
TpTrace Information: 0 : 5416, 1, 2022/10/13, 15:13:02.810, 1530775752316, vstest.console.dll, AssemblyResolver.OnResolve: Microsoft.TestPlatform.Extensions.EventLogCollector: Loading assembly 'C:\Program Files\dotnet\sdk\6.0.401\Extensions\Microsoft.TestPlatform.Extensions.EventLogCollector.dll'.
TpTrace Information: 0 : 5416, 1, 2022/10/13, 15:13:02.810, 1530775756169, vstest.console.dll, AssemblyResolver.OnResolve: Resolved assembly: Microsoft.TestPlatform.Extensions.EventLogCollector, from path: C:\Program Files\dotnet\sdk\6.0.401\Extensions\Microsoft.TestPlatform.Extensions.EventLogCollector.dll
TpTrace Verbose: 0 : 5416, 1, 2022/10/13, 15:13:02.810, 1530775756751, vstest.console.dll, MetadataReaderExtensionsHelper: Discovering extensions inside assembly 'Microsoft.TestPlatform.Extensions.EventLogCollector, Version=15.0.0.0, Culture=neutral, PublicKeyToken=b03f5f7f11d50a3a' file path 'C:\Program Files\dotnet\sdk\6.0.401\Extensions\Microsoft.TestPlatform.Extensions.EventLogCollector.dll'
TpTrace Information: 0 : 5416, 1, 2022/10/13, 15:13:02.812, 1530775778387, vstest.console.dll, AssemblyResolver.OnResolve: Microsoft.TestPlatform.TestHostRuntimeProvider: Resolving assembly.
TpTrace Information: 0 : 5416, 1, 2022/10/13, 15:13:02.813, 1530775779227, vstest.console.dll, AssemblyResolver.OnResolve: Microsoft.TestPlatform.TestHostRuntimeProvider: Searching in: 'C:\Program Files\dotnet\sdk\6.0.401\Extensions'.
TpTrace Information: 0 : 5416, 1, 2022/10/13, 15:13:02.813, 1530775783234, vstest.console.dll, AssemblyResolver.OnResolve: Microsoft.TestPlatform.TestHostRuntimeProvider: Loading assembly 'C:\Program Files\dotnet\sdk\6.0.401\Extensions\Microsoft.TestPlatform.TestHostRuntimeProvider.dll'.
TpTrace Information: 0 : 5416, 1, 2022/10/13, 15:13:02.814, 1530775790508, vstest.console.dll, AssemblyResolver.OnResolve: Resolved assembly: Microsoft.TestPlatform.TestHostRuntimeProvider, from path: C:\Program Files\dotnet\sdk\6.0.401\Extensions\Microsoft.TestPlatform.TestHostRuntimeProvider.dll
TpTrace Verbose: 0 : 5416, 1, 2022/10/13, 15:13:02.814, 1530775791235, vstest.console.dll, MetadataReaderExtensionsHelper: Discovering extensions inside assembly 'Microsoft.TestPlatform.TestHostRuntimeProvider, Version=15.0.0.0, Culture=neutral, PublicKeyToken=b03f5f7f11d50a3a' file path 'C:\Program Files\dotnet\sdk\6.0.401\Extensions\Microsoft.TestPlatform.TestHostRuntimeProvider.dll'
TpTrace Information: 0 : 5416, 1, 2022/10/13, 15:13:02.815, 1530775807180, vstest.console.dll, GetTestExtensionFromType: Register extension with identifier data 'HostProvider://DefaultTestHost' and type 'Microsoft.VisualStudio.TestPlatform.CrossPlatEngine.Hosting.DefaultTestHostManager, Microsoft.TestPlatform.TestHostRuntimeProvider, Version=15.0.0.0, Culture=neutral, PublicKeyToken=b03f5f7f11d50a3a' inside file 'C:\Program Files\dotnet\sdk\6.0.401\Extensions\Microsoft.TestPlatform.TestHostRuntimeProvider.dll'
TpTrace Information: 0 : 5416, 1, 2022/10/13, 15:13:02.815, 1530775807977, vstest.console.dll, GetTestExtensionFromType: Register extension with identifier data 'HostProvider://DotnetTestHost' and type 'Microsoft.VisualStudio.TestPlatform.CrossPlatEngine.Hosting.DotnetTestHostManager, Microsoft.TestPlatform.TestHostRuntimeProvider, Version=15.0.0.0, Culture=neutral, PublicKeyToken=b03f5f7f11d50a3a' inside file 'C:\Program Files\dotnet\sdk\6.0.401\Extensions\Microsoft.TestPlatform.TestHostRuntimeProvider.dll'
TpTrace Information: 0 : 5416, 1, 2022/10/13, 15:13:02.815, 1530775808663, vstest.console.dll, AssemblyResolver.OnResolve: Microsoft.VisualStudio.TestPlatform.Extensions.Html.TestLogger: Resolving assembly.
TpTrace Information: 0 : 5416, 1, 2022/10/13, 15:13:02.816, 1530775808985, vstest.console.dll, AssemblyResolver.OnResolve: Microsoft.VisualStudio.TestPlatform.Extensions.Html.TestLogger: Searching in: 'C:\Program Files\dotnet\sdk\6.0.401\Extensions'.
TpTrace Information: 0 : 5416, 1, 2022/10/13, 15:13:02.816, 1530775813180, vstest.console.dll, AssemblyResolver.OnResolve: Microsoft.VisualStudio.TestPlatform.Extensions.Html.TestLogger: Loading assembly 'C:\Program Files\dotnet\sdk\6.0.401\Extensions\Microsoft.VisualStudio.TestPlatform.Extensions.Html.TestLogger.dll'.
TpTrace Information: 0 : 5416, 1, 2022/10/13, 15:13:02.817, 1530775819874, vstest.console.dll, AssemblyResolver.OnResolve: Resolved assembly: Microsoft.VisualStudio.TestPlatform.Extensions.Html.TestLogger, from path: C:\Program Files\dotnet\sdk\6.0.401\Extensions\Microsoft.VisualStudio.TestPlatform.Extensions.Html.TestLogger.dll
TpTrace Verbose: 0 : 5416, 1, 2022/10/13, 15:13:02.817, 1530775820501, vstest.console.dll, MetadataReaderExtensionsHelper: Discovering extensions inside assembly 'Microsoft.VisualStudio.TestPlatform.Extensions.Html.TestLogger, Version=15.0.0.0, Culture=neutral, PublicKeyToken=b03f5f7f11d50a3a' file path 'C:\Program Files\dotnet\sdk\6.0.401\Extensions\Microsoft.VisualStudio.TestPlatform.Extensions.Html.TestLogger.dll'
TpTrace Information: 0 : 5416, 1, 2022/10/13, 15:13:02.817, 1530775826685, vstest.console.dll, AssemblyResolver.OnResolve: Microsoft.VisualStudio.TestPlatform.Extensions.Trx.TestLogger: Resolving assembly.
TpTrace Information: 0 : 5416, 1, 2022/10/13, 15:13:02.817, 1530775827166, vstest.console.dll, AssemblyResolver.OnResolve: Microsoft.VisualStudio.TestPlatform.Extensions.Trx.TestLogger: Searching in: 'C:\Program Files\dotnet\sdk\6.0.401\Extensions'.
TpTrace Information: 0 : 5416, 1, 2022/10/13, 15:13:02.818, 1530775830603, vstest.console.dll, AssemblyResolver.OnResolve: Microsoft.VisualStudio.TestPlatform.Extensions.Trx.TestLogger: Loading assembly 'C:\Program Files\dotnet\sdk\6.0.401\Extensions\Microsoft.VisualStudio.TestPlatform.Extensions.Trx.TestLogger.dll'.
TpTrace Information: 0 : 5416, 1, 2022/10/13, 15:13:02.818, 1530775836790, vstest.console.dll, AssemblyResolver.OnResolve: Resolved assembly: Microsoft.VisualStudio.TestPlatform.Extensions.Trx.TestLogger, from path: C:\Program Files\dotnet\sdk\6.0.401\Extensions\Microsoft.VisualStudio.TestPlatform.Extensions.Trx.TestLogger.dll
TpTrace Verbose: 0 : 5416, 1, 2022/10/13, 15:13:02.818, 1530775837324, vstest.console.dll, MetadataReaderExtensionsHelper: Discovering extensions inside assembly 'Microsoft.VisualStudio.TestPlatform.Extensions.Trx.TestLogger, Version=15.0.0.0, Culture=neutral, PublicKeyToken=b03f5f7f11d50a3a' file path 'C:\Program Files\dotnet\sdk\6.0.401\Extensions\Microsoft.VisualStudio.TestPlatform.Extensions.Trx.TestLogger.dll'
TpTrace Verbose: 0 : 5416, 1, 2022/10/13, 15:13:02.819, 1530775845682, vstest.console.dll, TestPluginCache: Discovered the extensions using extension path ''.
TpTrace Verbose: 0 : 5416, 1, 2022/10/13, 15:13:02.819, 1530775846197, vstest.console.dll, TestPluginCache: Discoverers are ''.
TpTrace Verbose: 0 : 5416, 1, 2022/10/13, 15:13:02.819, 1530775846445, vstest.console.dll, TestPluginCache: Executors are ''.
TpTrace Verbose: 0 : 5416, 1, 2022/10/13, 15:13:02.819, 1530775846650, vstest.console.dll, TestPluginCache: Executors2 are ''.
TpTrace Verbose: 0 : 5416, 1, 2022/10/13, 15:13:02.819, 1530775846848, vstest.console.dll, TestPluginCache: Setting providers are ''.
TpTrace Verbose: 0 : 5416, 1, 2022/10/13, 15:13:02.819, 1530775847044, vstest.console.dll, TestPluginCache: Loggers are ''.
TpTrace Verbose: 0 : 5416, 1, 2022/10/13, 15:13:02.819, 1530775848213, vstest.console.dll, TestPluginCache: TestHosts are 'HostProvider://DefaultTestHost,HostProvider://DotnetTestHost'.
TpTrace Verbose: 0 : 5416, 1, 2022/10/13, 15:13:02.819, 1530775848524, vstest.console.dll, TestPluginCache: DataCollectors are ''.
TpTrace Information: 0 : 5416, 1, 2022/10/13, 15:13:02.828, 1530775936759, vstest.console.dll, RunTestsArgumentProcessor:Execute: Test run is starting.
TpTrace Verbose: 0 : 5416, 1, 2022/10/13, 15:13:02.828, 1530775937484, vstest.console.dll, RunTestsArgumentProcessor:Execute: Queuing Test run.
TpTrace Information: 0 : 5416, 1, 2022/10/13, 15:13:02.829, 1530775939338, vstest.console.dll, TestRequestManager.RunTests: run tests started.
TpTrace Information: 0 : 5416, 1, 2022/10/13, 15:13:02.830, 1530775949290, vstest.console.dll, AssemblyMetadataProvider.GetFrameworkName: Determined framework:'.NETCoreApp,Version=v3.1' for source: 'D:\Practica2Calidad\XUnitTesting\bin\Debug\netcoreapp3.1\fine-code-coverage\build-output\XUnitTesting.dll'
TpTrace Information: 0 : 5416, 1, 2022/10/13, 15:13:02.830, 1530775950456, vstest.console.dll, Determined framework for all sources: .NETCoreApp,Version=v3.1
TpTrace Verbose: 0 : 5416, 1, 2022/10/13, 15:13:02.830, 1530775954478, vstest.console.dll, TestRequestManager.UpdateRunSettingsIfRequired: Default architecture: X64 IsDefaultTargetArchitecture: True, Current process architecture: X64 OperatingSystem: Windows.
TpTrace Information: 0 : 5416, 1, 2022/10/13, 15:13:02.832, 1530775974048, vstest.console.dll, AssemblyMetadataProvider.GetArchitecture: Determined architecture:AnyCPU info for assembly: D:\Practica2Calidad\XUnitTesting\bin\Debug\netcoreapp3.1\fine-code-coverage\build-output\XUnitTesting.dll
TpTrace Information: 0 : 5416, 1, 2022/10/13, 15:13:02.832, 1530775974459, vstest.console.dll, Determined platform for source 'D:\Practica2Calidad\XUnitTesting\bin\Debug\netcoreapp3.1\fine-code-coverage\build-output\XUnitTesting.dll' was AnyCPU and it will use the default plaform X64.
TpTrace Information: 0 : 5416, 1, 2022/10/13, 15:13:02.832, 1530775974714, vstest.console.dll, None of the sources provided any runnable platform, using the default platform: X64
TpTrace Information: 0 : 5416, 1, 2022/10/13, 15:13:02.832, 1530775975323, vstest.console.dll, Platform was updated to 'X64'.
TpTrace Information: 0 : 5416, 1, 2022/10/13, 15:13:02.835, 1530776005048, vstest.console.dll, InferRunSettingsHelper.IsTestSettingsEnabled: Unable to navigate to RunSettings/MSTest. Current node: RunSettings
TpTrace Information: 0 : 5416, 1, 2022/10/13, 15:13:02.836, 1530776009858, vstest.console.dll, AssemblyResolver.OnResolve: Microsoft.VisualStudio.TestPlatform.Fakes: Resolving assembly.
TpTrace Information: 0 : 5416, 1, 2022/10/13, 15:13:02.836, 1530776010364, vstest.console.dll, AssemblyResolver.OnResolve: Microsoft.VisualStudio.TestPlatform.Fakes: Searching in: 'C:\Program Files\dotnet\sdk\6.0.401\Extensions'.
TpTrace Information: 0 : 5416, 1, 2022/10/13, 15:13:02.836, 1530776011058, vstest.console.dll, AssemblyResolver.OnResolve: Microsoft.VisualStudio.TestPlatform.Fakes: Assembly path does not exist: 'C:\Program Files\dotnet\sdk\6.0.401\Extensions\Microsoft.VisualStudio.TestPlatform.Fakes.dll', returning.
TpTrace Information: 0 : 5416, 1, 2022/10/13, 15:13:02.836, 1530776011599, vstest.console.dll, AssemblyResolver.OnResolve: Microsoft.VisualStudio.TestPlatform.Fakes: Assembly path does not exist: 'C:\Program Files\dotnet\sdk\6.0.401\Extensions\Microsoft.VisualStudio.TestPlatform.Fakes.exe', returning.
TpTrace Information: 0 : 5416, 1, 2022/10/13, 15:13:02.836, 1530776011862, vstest.console.dll, AssemblyResolver.OnResolve: Microsoft.VisualStudio.TestPlatform.Fakes: Searching in: 'C:\Program Files\dotnet\sdk\6.0.401'.
TpTrace Information: 0 : 5416, 1, 2022/10/13, 15:13:02.836, 1530776012342, vstest.console.dll, AssemblyResolver.OnResolve: Microsoft.VisualStudio.TestPlatform.Fakes: Assembly path does not exist: 'C:\Program Files\dotnet\sdk\6.0.401\Microsoft.VisualStudio.TestPlatform.Fakes.dll', returning.
TpTrace Information: 0 : 5416, 1, 2022/10/13, 15:13:02.836, 1530776012830, vstest.console.dll, AssemblyResolver.OnResolve: Microsoft.VisualStudio.TestPlatform.Fakes: Assembly path does not exist: 'C:\Program Files\dotnet\sdk\6.0.401\Microsoft.VisualStudio.TestPlatform.Fakes.exe', returning.
TpTrace Information: 0 : 5416, 1, 2022/10/13, 15:13:02.836, 1530776013602, vstest.console.dll, AssemblyResolver.OnResolve: Microsoft.VisualStudio.TestPlatform.Fakes: Failed to load assembly.
TpTrace Information: 0 : 5416, 1, 2022/10/13, 15:13:02.836, 1530776015785, vstest.console.dll, Failed to load assembly Microsoft.VisualStudio.TestPlatform.Fakes, Version=17.0.0.0, Culture=neutral. Reason:System.IO.FileNotFoundException: Could not load file or assembly 'Microsoft.VisualStudio.TestPlatform.Fakes, Version=17.0.0.0, Culture=neutral, PublicKeyToken=null'. El sistema no puede encontrar el archivo especificado.
File name: 'Microsoft.VisualStudio.TestPlatform.Fakes, Version=17.0.0.0, Culture=neutral, PublicKeyToken=null'
   at System.Reflection.RuntimeAssembly.InternalLoad(ObjectHandleOnStack assemblyName, ObjectHandleOnStack requestingAssembly, StackCrawlMarkHandle stackMark, Boolean throwOnFileNotFound, ObjectHandleOnStack assemblyLoadContext, ObjectHandleOnStack retAssembly)
   at System.Reflection.RuntimeAssembly.InternalLoad(AssemblyName assemblyName, RuntimeAssembly requestingAssembly, StackCrawlMark& stackMark, Boolean throwOnFileNotFound, AssemblyLoadContext assemblyLoadContext)
   at System.Reflection.Assembly.Load(AssemblyName assemblyRef)
   at Microsoft.VisualStudio.TestPlatform.Common.Utilities.FakesUtilities.LoadTestPlatformAssembly()
TpTrace Verbose: 0 : 5416, 1, 2022/10/13, 15:13:02.839, 1530776042210, vstest.console.dll, TestPluginCache.DiscoverTestExtensions: finding test extensions in assemblies ends with: TestLogger.dll TPluginInfo: Microsoft.VisualStudio.TestPlatform.Common.ExtensionFramework.Utilities.TestLoggerPluginInformation TExtension: Microsoft.VisualStudio.TestPlatform.ObjectModel.Client.ITestLogger
TpTrace Verbose: 0 : 5416, 1, 2022/10/13, 15:13:02.839, 1530776042841, vstest.console.dll, TestPluginCache.GetExtensionPaths: Filtered extension paths: 
TpTrace Verbose: 0 : 5416, 1, 2022/10/13, 15:13:02.839, 1530776043121, vstest.console.dll, TestPluginCache.GetExtensionPaths: Added default extension paths: C:\Program Files\dotnet\sdk\6.0.401\Extensions\Microsoft.Diagnostics.NETCore.Client.dll
C:\Program Files\dotnet\sdk\6.0.401\Extensions\Microsoft.TestPlatform.Extensions.BlameDataCollector.dll
C:\Program Files\dotnet\sdk\6.0.401\Extensions\Microsoft.TestPlatform.Extensions.EventLogCollector.dll
C:\Program Files\dotnet\sdk\6.0.401\Extensions\Microsoft.TestPlatform.TestHostRuntimeProvider.dll
C:\Program Files\dotnet\sdk\6.0.401\Extensions\Microsoft.VisualStudio.TestPlatform.Extensions.Html.TestLogger.dll
C:\Program Files\dotnet\sdk\6.0.401\Extensions\Microsoft.VisualStudio.TestPlatform.Extensions.Trx.TestLogger.dll
TpTrace Verbose: 0 : 5416, 1, 2022/10/13, 15:13:02.839, 1530776043360, vstest.console.dll, TestPluginCache.GetExtensionPaths: Added unfilterableExtensionPaths: 
TpTrace Information: 0 : 5416, 1, 2022/10/13, 15:13:02.839, 1530776044246, vstest.console.dll, AssemblyResolver.AddSearchDirectories: Adding more searchDirectories C:\Program Files\dotnet\sdk\6.0.401\Extensions,C:\Program Files\dotnet\sdk\6.0.401
TpTrace Verbose: 0 : 5416, 1, 2022/10/13, 15:13:02.839, 1530776044622, vstest.console.dll, TestPluginCache.DiscoverTestExtensions: Discovering the extensions using extension path.
TpTrace Verbose: 0 : 5416, 1, 2022/10/13, 15:13:02.839, 1530776044951, vstest.console.dll, TestPluginCache.GetExtensionPaths: Filtered extension paths: 
TpTrace Verbose: 0 : 5416, 1, 2022/10/13, 15:13:02.839, 1530776045231, vstest.console.dll, TestPluginCache.GetExtensionPaths: Added default extension paths: C:\Program Files\dotnet\sdk\6.0.401\Extensions\Microsoft.Diagnostics.NETCore.Client.dll
C:\Program Files\dotnet\sdk\6.0.401\Extensions\Microsoft.TestPlatform.Extensions.BlameDataCollector.dll
C:\Program Files\dotnet\sdk\6.0.401\Extensions\Microsoft.TestPlatform.Extensions.EventLogCollector.dll
C:\Program Files\dotnet\sdk\6.0.401\Extensions\Microsoft.TestPlatform.TestHostRuntimeProvider.dll
C:\Program Files\dotnet\sdk\6.0.401\Extensions\Microsoft.VisualStudio.TestPlatform.Extensions.Html.TestLogger.dll
C:\Program Files\dotnet\sdk\6.0.401\Extensions\Microsoft.VisualStudio.TestPlatform.Extensions.Trx.TestLogger.dll
TpTrace Verbose: 0 : 5416, 1, 2022/10/13, 15:13:02.839, 1530776045471, vstest.console.dll, TestPluginCache.GetExtensionPaths: Added unfilterableExtensionPaths: 
TpTrace Verbose: 0 : 5416, 1, 2022/10/13, 15:13:02.839, 1530776046074, vstest.console.dll, TestPluginCache.DiscoverTestExtensions: Discovering the extensions using allExtensionPaths: C:\Program Files\dotnet\sdk\6.0.401\Extensions\Microsoft.Diagnostics.NETCore.Client.dll
C:\Program Files\dotnet\sdk\6.0.401\Extensions\Microsoft.TestPlatform.Extensions.BlameDataCollector.dll
C:\Program Files\dotnet\sdk\6.0.401\Extensions\Microsoft.TestPlatform.Extensions.EventLogCollector.dll
C:\Program Files\dotnet\sdk\6.0.401\Extensions\Microsoft.TestPlatform.TestHostRuntimeProvider.dll
C:\Program Files\dotnet\sdk\6.0.401\Extensions\Microsoft.VisualStudio.TestPlatform.Extensions.Html.TestLogger.dll
C:\Program Files\dotnet\sdk\6.0.401\Extensions\Microsoft.VisualStudio.TestPlatform.Extensions.Trx.TestLogger.dll
TpTrace Information: 0 : 5416, 1, 2022/10/13, 15:13:02.839, 1530776046519, vstest.console.dll, AssemblyResolver.AddSearchDirectories: Adding more searchDirectories C:\Program Files\dotnet\sdk\6.0.401\Extensions,C:\Program Files\dotnet\sdk\6.0.401
TpTrace Information: 0 : 5416, 1, 2022/10/13, 15:13:02.839, 1530776046828, vstest.console.dll, AssemblyResolver.AddSearchDirectories: Adding more searchDirectories C:\Program Files\dotnet\sdk\6.0.401\Extensions,C:\Program Files\dotnet\sdk\6.0.401
TpTrace Information: 0 : 5416, 1, 2022/10/13, 15:13:02.839, 1530776047072, vstest.console.dll, AssemblyResolver.AddSearchDirectories: Adding more searchDirectories C:\Program Files\dotnet\sdk\6.0.401\Extensions,C:\Program Files\dotnet\sdk\6.0.401
TpTrace Information: 0 : 5416, 1, 2022/10/13, 15:13:02.839, 1530776047307, vstest.console.dll, AssemblyResolver.AddSearchDirectories: Adding more searchDirectories C:\Program Files\dotnet\sdk\6.0.401\Extensions,C:\Program Files\dotnet\sdk\6.0.401
TpTrace Information: 0 : 5416, 1, 2022/10/13, 15:13:02.839, 1530776047600, vstest.console.dll, AssemblyResolver.AddSearchDirectories: Adding more searchDirectories C:\Program Files\dotnet\sdk\6.0.401\Extensions,C:\Program Files\dotnet\sdk\6.0.401
TpTrace Information: 0 : 5416, 1, 2022/10/13, 15:13:02.839, 1530776047848, vstest.console.dll, AssemblyResolver.AddSearchDirectories: Adding more searchDirectories C:\Program Files\dotnet\sdk\6.0.401\Extensions,C:\Program Files\dotnet\sdk\6.0.401
TpTrace Verbose: 0 : 5416, 1, 2022/10/13, 15:13:02.839, 1530776048761, vstest.console.dll, MetadataReaderExtensionsHelper: Discovering extensions inside assembly 'Microsoft.Diagnostics.NETCore.Client, Version=0.2.5.801, Culture=neutral, PublicKeyToken=31bf3856ad364e35' file path 'C:\Program Files\dotnet\sdk\6.0.401\Extensions\Microsoft.Diagnostics.NETCore.Client.dll'
TpTrace Information: 0 : 5416, 1, 2022/10/13, 15:13:02.840, 1530776054802, vstest.console.dll, AssemblyResolver.OnResolve: Microsoft.Bcl.AsyncInterfaces: Resolving assembly.
TpTrace Information: 0 : 5416, 1, 2022/10/13, 15:13:02.840, 1530776055275, vstest.console.dll, AssemblyResolver.OnResolve: Microsoft.Bcl.AsyncInterfaces: Resolved from cache.
TpTrace Verbose: 0 : 5416, 1, 2022/10/13, 15:13:02.840, 1530776055556, vstest.console.dll, CurrentDomainAssemblyResolve: Resolving assembly 'Microsoft.Bcl.AsyncInterfaces'.
TpTrace Information: 0 : 5416, 1, 2022/10/13, 15:13:02.840, 1530776055937, vstest.console.dll, AssemblyResolver.OnResolve: Microsoft.Bcl.AsyncInterfaces: Resolving assembly.
TpTrace Information: 0 : 5416, 1, 2022/10/13, 15:13:02.840, 1530776056183, vstest.console.dll, AssemblyResolver.OnResolve: Microsoft.Bcl.AsyncInterfaces: Resolved from cache.
TpTrace Verbose: 0 : 5416, 1, 2022/10/13, 15:13:02.840, 1530776056445, vstest.console.dll, CurrentDomainAssemblyResolve: Resolving assembly 'Microsoft.Bcl.AsyncInterfaces'.
TpTrace Verbose: 0 : 5416, 1, 2022/10/13, 15:13:02.840, 1530776056669, vstest.console.dll, CurrentDomainAssemblyResolve: Failed to resolve assembly 'Microsoft.Bcl.AsyncInterfaces'.
TpTrace Verbose: 0 : 5416, 1, 2022/10/13, 15:13:02.840, 1530776057876, vstest.console.dll, CurrentDomainAssemblyResolve: Failed to resolve assembly 'Microsoft.Bcl.AsyncInterfaces'.
TpTrace Warning: 0 : 5416, 1, 2022/10/13, 15:13:02.841, 1530776060929, vstest.console.dll, TestPluginDiscoverer: Failed to get types from assembly 'Microsoft.Diagnostics.NETCore.Client, Version=0.2.5.801, Culture=neutral, PublicKeyToken=31bf3856ad364e35'. Error: System.Reflection.ReflectionTypeLoadException: Unable to load one or more of the requested types.
Could not load file or assembly 'Microsoft.Bcl.AsyncInterfaces, Version=1.0.0.0, Culture=neutral, PublicKeyToken=cc7b13ffcd2ddd51'. El sistema no puede encontrar el archivo especificado.
   at System.Reflection.RuntimeModule.GetTypes(RuntimeModule module)
   at System.Reflection.Assembly.GetTypes()
   at Microsoft.VisualStudio.TestPlatform.Common.ExtensionFramework.TestPluginDiscoverer.GetTestExtensionsFromAssembly[TPluginInfo,TExtension](Assembly assembly, Dictionary`2 pluginInfos, String filePath)
System.IO.FileNotFoundException: Could not load file or assembly 'Microsoft.Bcl.AsyncInterfaces, Version=1.0.0.0, Culture=neutral, PublicKeyToken=cc7b13ffcd2ddd51'. El sistema no puede encontrar el archivo especificado.
File name: 'Microsoft.Bcl.AsyncInterfaces, Version=1.0.0.0, Culture=neutral, PublicKeyToken=cc7b13ffcd2ddd51'
 ---> System.IO.FileNotFoundException: Could not load file or assembly 'Microsoft.Bcl.AsyncInterfaces, Culture=neutral, PublicKeyToken=null'. El sistema no puede encontrar el archivo especificado.
File name: 'Microsoft.Bcl.AsyncInterfaces, Culture=neutral, PublicKeyToken=null'
   at System.Reflection.RuntimeAssembly.InternalLoad(ObjectHandleOnStack assemblyName, ObjectHandleOnStack requestingAssembly, StackCrawlMarkHandle stackMark, Boolean throwOnFileNotFound, ObjectHandleOnStack assemblyLoadContext, ObjectHandleOnStack retAssembly)
   at System.Reflection.RuntimeAssembly.InternalLoad(AssemblyName assemblyName, RuntimeAssembly requestingAssembly, StackCrawlMark& stackMark, Boolean throwOnFileNotFound, AssemblyLoadContext assemblyLoadContext)
   at System.Reflection.Assembly.Load(AssemblyName assemblyRef)
   at Microsoft.VisualStudio.TestPlatform.Common.ExtensionFramework.TestPluginCache.CurrentDomainAssemblyResolve(Object sender, AssemblyResolveEventArgs args)
   at Microsoft.VisualStudio.TestPlatform.PlatformAbstractions.PlatformAssemblyResolver.AssemblyResolverEvent(Object sender, Object eventArgs)
   at System.Runtime.Loader.AssemblyLoadContext.GetFirstResolvedAssemblyFromResolvingEvent(AssemblyName assemblyName)
   at System.Runtime.Loader.AssemblyLoadContext.ResolveUsingEvent(AssemblyName assemblyName)
   at System.Runtime.Loader.AssemblyLoadContext.ResolveUsingResolvingEvent(IntPtr gchManagedAssemblyLoadContext, AssemblyName assemblyName)
TpTrace Warning: 0 : 5416, 1, 2022/10/13, 15:13:02.841, 1530776062518, vstest.console.dll, LoaderExceptions: System.IO.FileNotFoundException: Could not load file or assembly 'Microsoft.Bcl.AsyncInterfaces, Version=1.0.0.0, Culture=neutral, PublicKeyToken=cc7b13ffcd2ddd51'. El sistema no puede encontrar el archivo especificado.
File name: 'Microsoft.Bcl.AsyncInterfaces, Version=1.0.0.0, Culture=neutral, PublicKeyToken=cc7b13ffcd2ddd51'
 ---> System.IO.FileNotFoundException: Could not load file or assembly 'Microsoft.Bcl.AsyncInterfaces, Culture=neutral, PublicKeyToken=null'. El sistema no puede encontrar el archivo especificado.
File name: 'Microsoft.Bcl.AsyncInterfaces, Culture=neutral, PublicKeyToken=null'
   at System.Reflection.RuntimeAssembly.InternalLoad(ObjectHandleOnStack assemblyName, ObjectHandleOnStack requestingAssembly, StackCrawlMarkHandle stackMark, Boolean throwOnFileNotFound, ObjectHandleOnStack assemblyLoadContext, ObjectHandleOnStack retAssembly)
   at System.Reflection.RuntimeAssembly.InternalLoad(AssemblyName assemblyName, RuntimeAssembly requestingAssembly, StackCrawlMark& stackMark, Boolean throwOnFileNotFound, AssemblyLoadContext assemblyLoadContext)
   at System.Reflection.Assembly.Load(AssemblyName assemblyRef)
   at Microsoft.VisualStudio.TestPlatform.Common.ExtensionFramework.TestPluginCache.CurrentDomainAssemblyResolve(Object sender, AssemblyResolveEventArgs args)
   at Microsoft.VisualStudio.TestPlatform.PlatformAbstractions.PlatformAssemblyResolver.AssemblyResolverEvent(Object sender, Object eventArgs)
   at System.Runtime.Loader.AssemblyLoadContext.GetFirstResolvedAssemblyFromResolvingEvent(AssemblyName assemblyName)
   at System.Runtime.Loader.AssemblyLoadContext.ResolveUsingEvent(AssemblyName assemblyName)
   at System.Runtime.Loader.AssemblyLoadContext.ResolveUsingResolvingEvent(IntPtr gchManagedAssemblyLoadContext, AssemblyName assemblyName)
TpTrace Verbose: 0 : 5416, 1, 2022/10/13, 15:13:02.841, 1530776063408, vstest.console.dll, MetadataReaderExtensionsHelper: Discovering extensions inside assembly 'Microsoft.TestPlatform.Extensions.BlameDataCollector, Version=15.0.0.0, Culture=neutral, PublicKeyToken=b03f5f7f11d50a3a' file path 'C:\Program Files\dotnet\sdk\6.0.401\Extensions\Microsoft.TestPlatform.Extensions.BlameDataCollector.dll'
TpTrace Information: 0 : 5416, 1, 2022/10/13, 15:13:02.841, 1530776068648, vstest.console.dll, GetTestExtensionFromType: Register extension with identifier data 'logger://Microsoft/TestPlatform/Extensions/Blame/v1' and type 'Microsoft.TestPlatform.Extensions.BlameDataCollector.BlameLogger, Microsoft.TestPlatform.Extensions.BlameDataCollector, Version=15.0.0.0, Culture=neutral, PublicKeyToken=b03f5f7f11d50a3a' inside file 'C:\Program Files\dotnet\sdk\6.0.401\Extensions\Microsoft.TestPlatform.Extensions.BlameDataCollector.dll'
TpTrace Verbose: 0 : 5416, 1, 2022/10/13, 15:13:02.842, 1530776069146, vstest.console.dll, MetadataReaderExtensionsHelper: Discovering extensions inside assembly 'Microsoft.TestPlatform.Extensions.EventLogCollector, Version=15.0.0.0, Culture=neutral, PublicKeyToken=b03f5f7f11d50a3a' file path 'C:\Program Files\dotnet\sdk\6.0.401\Extensions\Microsoft.TestPlatform.Extensions.EventLogCollector.dll'
TpTrace Verbose: 0 : 5416, 1, 2022/10/13, 15:13:02.842, 1530776072799, vstest.console.dll, MetadataReaderExtensionsHelper: Discovering extensions inside assembly 'Microsoft.TestPlatform.TestHostRuntimeProvider, Version=15.0.0.0, Culture=neutral, PublicKeyToken=b03f5f7f11d50a3a' file path 'C:\Program Files\dotnet\sdk\6.0.401\Extensions\Microsoft.TestPlatform.TestHostRuntimeProvider.dll'
TpTrace Verbose: 0 : 5416, 1, 2022/10/13, 15:13:02.842, 1530776076071, vstest.console.dll, MetadataReaderExtensionsHelper: Discovering extensions inside assembly 'Microsoft.VisualStudio.TestPlatform.Extensions.Html.TestLogger, Version=15.0.0.0, Culture=neutral, PublicKeyToken=b03f5f7f11d50a3a' file path 'C:\Program Files\dotnet\sdk\6.0.401\Extensions\Microsoft.VisualStudio.TestPlatform.Extensions.Html.TestLogger.dll'
TpTrace Information: 0 : 5416, 1, 2022/10/13, 15:13:02.843, 1530776080061, vstest.console.dll, GetTestExtensionFromType: Register extension with identifier data 'logger://Microsoft/TestPlatform/HtmlLogger/v1' and type 'Microsoft.VisualStudio.TestPlatform.Extensions.HtmlLogger.HtmlLogger, Microsoft.VisualStudio.TestPlatform.Extensions.Html.TestLogger, Version=15.0.0.0, Culture=neutral, PublicKeyToken=b03f5f7f11d50a3a' inside file 'C:\Program Files\dotnet\sdk\6.0.401\Extensions\Microsoft.VisualStudio.TestPlatform.Extensions.Html.TestLogger.dll'
TpTrace Verbose: 0 : 5416, 1, 2022/10/13, 15:13:02.843, 1530776080594, vstest.console.dll, MetadataReaderExtensionsHelper: Discovering extensions inside assembly 'Microsoft.VisualStudio.TestPlatform.Extensions.Trx.TestLogger, Version=15.0.0.0, Culture=neutral, PublicKeyToken=b03f5f7f11d50a3a' file path 'C:\Program Files\dotnet\sdk\6.0.401\Extensions\Microsoft.VisualStudio.TestPlatform.Extensions.Trx.TestLogger.dll'
TpTrace Information: 0 : 5416, 1, 2022/10/13, 15:13:02.843, 1530776084677, vstest.console.dll, GetTestExtensionFromType: Register extension with identifier data 'logger://Microsoft/TestPlatform/TrxLogger/v1' and type 'Microsoft.VisualStudio.TestPlatform.Extensions.TrxLogger.TrxLogger, Microsoft.VisualStudio.TestPlatform.Extensions.Trx.TestLogger, Version=15.0.0.0, Culture=neutral, PublicKeyToken=b03f5f7f11d50a3a' inside file 'C:\Program Files\dotnet\sdk\6.0.401\Extensions\Microsoft.VisualStudio.TestPlatform.Extensions.Trx.TestLogger.dll'
TpTrace Verbose: 0 : 5416, 1, 2022/10/13, 15:13:02.843, 1530776085236, vstest.console.dll, TestPluginCache: Discovered the extensions using extension path ''.
TpTrace Verbose: 0 : 5416, 1, 2022/10/13, 15:13:02.843, 1530776085513, vstest.console.dll, TestPluginCache: Discoverers are ''.
TpTrace Verbose: 0 : 5416, 1, 2022/10/13, 15:13:02.843, 1530776085728, vstest.console.dll, TestPluginCache: Executors are ''.
TpTrace Verbose: 0 : 5416, 1, 2022/10/13, 15:13:02.843, 1530776085975, vstest.console.dll, TestPluginCache: Executors2 are ''.
TpTrace Verbose: 0 : 5416, 1, 2022/10/13, 15:13:02.843, 1530776086176, vstest.console.dll, TestPluginCache: Setting providers are ''.
TpTrace Verbose: 0 : 5416, 1, 2022/10/13, 15:13:02.843, 1530776086671, vstest.console.dll, TestPluginCache: Loggers are 'logger://Microsoft/TestPlatform/Extensions/Blame/v1,logger://Microsoft/TestPlatform/HtmlLogger/v1,logger://Microsoft/TestPlatform/TrxLogger/v1'.
TpTrace Verbose: 0 : 5416, 1, 2022/10/13, 15:13:02.843, 1530776087048, vstest.console.dll, TestPluginCache: TestHosts are 'HostProvider://DefaultTestHost,HostProvider://DotnetTestHost'.
TpTrace Verbose: 0 : 5416, 1, 2022/10/13, 15:13:02.843, 1530776087282, vstest.console.dll, TestPluginCache: DataCollectors are ''.
TpTrace Information: 0 : 5416, 1, 2022/10/13, 15:13:02.844, 1530776092144, vstest.console.dll, TestPluginManager.CreateTestExtension: Attempting to load test extension: Microsoft.TestPlatform.Extensions.BlameDataCollector.BlameLogger
TpTrace Verbose: 0 : 5416, 1, 2022/10/13, 15:13:02.848, 1530776130708, vstest.console.dll, TestEngine: Initializing Parallel Execution as MaxCpuCount is set to: 1
TpTrace Information: 0 : 5416, 1, 2022/10/13, 15:13:02.849, 1530776141764, vstest.console.dll, TestPluginManager.CreateTestExtension: Attempting to load test extension: Microsoft.VisualStudio.TestPlatform.CrossPlatEngine.Hosting.DefaultTestHostManager
TpTrace Information: 0 : 5416, 1, 2022/10/13, 15:13:02.850, 1530776152164, vstest.console.dll, TestPluginManager.CreateTestExtension: Attempting to load test extension: Microsoft.VisualStudio.TestPlatform.CrossPlatEngine.Hosting.DotnetTestHostManager
TpTrace Information: 0 : 5416, 1, 2022/10/13, 15:13:02.850, 1530776156634, vstest.console.dll, InferRunSettingsHelper.IsTestSettingsEnabled: Unable to navigate to RunSettings/MSTest. Current node: RunSettings
TpTrace Verbose: 0 : 5416, 1, 2022/10/13, 15:13:02.854, 1530776197260, vstest.console.dll, TestEngine.GetExecutionManager: Chosen execution manager 'Microsoft.VisualStudio.TestPlatform.CrossPlatEngine.Client.Parallel.ParallelProxyExecutionManager, Microsoft.TestPlatform.CrossPlatEngine, Version=15.0.0.0, Culture=neutral, PublicKeyToken=b03f5f7f11d50a3a' ParallelLevel '1'.
TpTrace Verbose: 0 : 5416, 1, 2022/10/13, 15:13:02.854, 1530776198284, vstest.console.dll, TestRunRequest.ExecuteAsync: Creating test run request.
TpTrace Verbose: 0 : 5416, 1, 2022/10/13, 15:13:02.855, 1530776199985, vstest.console.dll, TestRunRequest.ExecuteAsync: Starting.
TpTrace Information: 0 : 5416, 1, 2022/10/13, 15:13:02.855, 1530776202440, vstest.console.dll, TestRunRequest.ExecuteAsync: Starting run with settings:TestRunCriteria:
   KeepAlive=False,FrequencyOfRunStatsChangeEvent=10,RunStatsChangeEventTimeout=00:00:01.5000000,TestCaseFilter=,TestExecutorLauncher=
   Settingsxml=<RunSettings>
  <RunConfiguration>
    <ResultsDirectory>D:\Practica2Calidad\XUnitTesting\bin\Debug\netcoreapp3.1\fine-code-coverage\coverage-tool-output</ResultsDirectory>
    <TargetPlatform>X64</TargetPlatform>
    <TargetFrameworkVersion>.NETCoreApp,Version=v3.1</TargetFrameworkVersion>
    <DesignMode>False</DesignMode>
    <CollectSourceInformation>False</CollectSourceInformation>
  </RunConfiguration>
  <LoggerRunSettings>
    <Loggers>
      <Logger friendlyName="blame" enabled="True" />
      <Logger friendlyName="Console" uri="logger://microsoft/TestPlatform/ConsoleLogger/v1" assemblyQualifiedName="Microsoft.VisualStudio.TestPlatform.CommandLine.Internal.ConsoleLogger, vstest.console, Version=15.0.0.0, Culture=neutral, PublicKeyToken=b03f5f7f11d50a3a" codeBase="C:\Program Files\dotnet\sdk\6.0.401\vstest.console.dll" enabled="True" />
    </Loggers>
  </LoggerRunSettings>
  <DataCollectionRunSettings>
    <DataCollectors>
      <DataCollector friendlyName="blame" enabled="True">
        <Configuration>
          <ResultsDirectory>D:\Practica2Calidad\XUnitTesting\bin\Debug\netcoreapp3.1\fine-code-coverage\coverage-tool-output</ResultsDirectory>
        </Configuration>
      </DataCollector>
    </DataCollectors>
  </DataCollectionRunSettings>
</RunSettings>

TpTrace Verbose: 0 : 5416, 1, 2022/10/13, 15:13:02.855, 1530776202907, vstest.console.dll, TestRunRequest.ExecuteAsync: Wait for the first run request is over.
TpTrace Verbose: 0 : 5416, 1, 2022/10/13, 15:13:02.855, 1530776204997, vstest.console.dll, MulticastDelegateUtilities.SafeInvoke: TestRun.TestRunStart: Invoking callbacks was skipped because there are no subscribers.
TpTrace Verbose: 0 : 5416, 4, 2022/10/13, 15:13:02.855, 1530776206913, vstest.console.dll, MulticastDelegateUtilities.SafeInvoke: InternalTestLoggerEvents.SendTestRunStart: Invoking callback 1/1 for Microsoft.VisualStudio.TestPlatform.CommandLine.Internal.ConsoleLogger.TestRunStartHandler, took 0 ms.
TpTrace Verbose: 0 : 5416, 1, 2022/10/13, 15:13:02.856, 1530776212725, vstest.console.dll, ParallelProxyExecutionManager: Start execution. Total sources: 1
TpTrace Verbose: 0 : 5416, 1, 2022/10/13, 15:13:02.857, 1530776224405, vstest.console.dll, TestRequestSender is acting as server.
TpTrace Verbose: 0 : 5416, 1, 2022/10/13, 15:13:02.858, 1530776234347, vstest.console.dll, DataCollectionRequestSender.InitializeCommunication : Initialize communication. 
TpTrace Information: 0 : 5416, 1, 2022/10/13, 15:13:02.863, 1530776281422, vstest.console.dll, Listening on Endpoint : 127.0.0.1:61026
TpTrace Verbose: 0 : 5416, 1, 2022/10/13, 15:13:02.869, 1530776339457, vstest.console.dll, DotnetDataCollectionLauncher: Adding  --runtimeconfig "C:\Program Files\dotnet\sdk\6.0.401\datacollector.runtimeconfig.json" in args
TpTrace Verbose: 0 : 5416, 1, 2022/10/13, 15:13:02.869, 1530776340408, vstest.console.dll, DotnetDataCollectionLauncher: Adding  --depsfile "C:\Program Files\dotnet\sdk\6.0.401\datacollector.deps.json" in args
TpTrace Verbose: 0 : 5416, 1, 2022/10/13, 15:13:02.869, 1530776342429, vstest.console.dll, DotnetDataCollectionLauncher: Full path of dotnet.exe is C:\Program Files\dotnet\dotnet.exe
TpTrace Information: 0 : 5416, 1, 2022/10/13, 15:13:02.876, 1530776410623, vstest.console.dll, ProxyDataCollectionManager.Initialize: Launched datacollector processId: 3320 port: 61026
TpTrace Information: 0 : 5416, 1, 2022/10/13, 15:13:02.876, 1530776411742, vstest.console.dll, ProxyDataCollectionManager.Initialize: waiting for connection with timeout: 90 seconds
TpTrace Verbose: 0 : 5416, 1, 2022/10/13, 15:13:02.876, 1530776412180, vstest.console.dll, DataCollectionRequestSender.WaitForRequestHandlerConnection : Waiting for connection with timeout: 90000
TpTrace Information: 0 : 5416, 5, 2022/10/13, 15:13:02.987, 1530777527018, vstest.console.dll, Using the buffer size of 16384 bytes
TpTrace Verbose: 0 : 5416, 1, 2022/10/13, 15:13:02.987, 1530777527350, vstest.console.dll, SocketCommunicationManager.WaitForClientConnection took: 111 ms, with 90000 ms timeout, and finished with True.
TpTrace Information: 0 : 5416, 5, 2022/10/13, 15:13:02.987, 1530777527927, vstest.console.dll, Accepted Client request and set the flag
TpTrace Verbose: 0 : 5416, 1, 2022/10/13, 15:13:02.987, 1530777528779, vstest.console.dll, ProxyDataCollectionManager.InvokeDataCollectionServiceAction: Starting.
TpTrace Information: 0 : 5416, 1, 2022/10/13, 15:13:02.988, 1530777529496, vstest.console.dll, ProxyDataCollectionManager.BeforeTestRunStart: Get environment variable and port for datacollector processId: 3320 port: 61026
TpTrace Verbose: 0 : 5416, 1, 2022/10/13, 15:13:02.988, 1530777530392, vstest.console.dll, DataCollectionRequestSender.SendBeforeTestRunStartAndGetResult: Send BeforeTestRunStart message with settingsXml <RunSettings><RunConfiguration><ResultsDirectory>D:\Practica2Calidad\XUnitTesting\bin\Debug\netcoreapp3.1\fine-code-coverage\coverage-tool-output</ResultsDirectory><TargetPlatform>X64</TargetPlatform><TargetFrameworkVersion>.NETCoreApp,Version=v3.1</TargetFrameworkVersion><DesignMode>False</DesignMode><CollectSourceInformation>False</CollectSourceInformation><TestAdaptersPaths>C:\Program Files\dotnet\sdk\6.0.401\Extensions</TestAdaptersPaths></RunConfiguration><LoggerRunSettings><Loggers><Logger friendlyName="blame" enabled="True" /><Logger friendlyName="Console" uri="logger://microsoft/TestPlatform/ConsoleLogger/v1" assemblyQualifiedName="Microsoft.VisualStudio.TestPlatform.CommandLine.Internal.ConsoleLogger, vstest.console, Version=15.0.0.0, Culture=neutral, PublicKeyToken=b03f5f7f11d50a3a" codeBase="C:\Program Files\dotnet\sdk\6.0.401\vstest.console.dll" enabled="True" /></Loggers></LoggerRunSettings><DataCollectionRunSettings><DataCollectors><DataCollector friendlyName="blame" enabled="True"><Configuration><ResultsDirectory>D:\Practica2Calidad\XUnitTesting\bin\Debug\netcoreapp3.1\fine-code-coverage\coverage-tool-output</ResultsDirectory></Configuration></DataCollector></DataCollectors></DataCollectionRunSettings></RunSettings> and sources System.Collections.Generic.List`1[System.String]: 
TpTrace Verbose: 0 : 5416, 1, 2022/10/13, 15:13:03.042, 1530778074771, vstest.console.dll, DataCollectionRequestSender.SendBeforeTestRunStartAndGetResult: Received message: (DataCollection.SendMessage) -> {"MessageType":"DataCollection.SendMessage","Payload":{"FriendlyName":null,"Uri":null,"TestCaseId":"00000000-0000-0000-0000-000000000000","Message":"Logging DataCollector Diagnostics in file: D:\\Practica2Calidad\\XUnitTesting\\bin\\Debug\\netcoreapp3.1\\fine-code-coverage\\coverage-tool-output\\diagnostics.datacollector.22-10-13_15-13-02_86885_1.log","Level":0}}
TpTrace Information: 0 : 5416, 1, 2022/10/13, 15:13:03.050, 1530778149136, vstest.console.dll, AssemblyResolver.OnResolve: Microsoft.VisualStudio.TestPlatform.Common.resources: Resolving assembly.
TpTrace Information: 0 : 5416, 1, 2022/10/13, 15:13:03.050, 1530778149900, vstest.console.dll, AssemblyResolver.OnResolve: Microsoft.VisualStudio.TestPlatform.Common.resources: Searching in: 'C:\Program Files\dotnet\sdk\6.0.401\Extensions'.
TpTrace Information: 0 : 5416, 1, 2022/10/13, 15:13:03.050, 1530778150485, vstest.console.dll, AssemblyResolver.OnResolve: Microsoft.VisualStudio.TestPlatform.Common.resources: Assembly path does not exist: 'C:\Program Files\dotnet\sdk\6.0.401\Extensions\Microsoft.VisualStudio.TestPlatform.Common.resources.dll', returning.
TpTrace Information: 0 : 5416, 1, 2022/10/13, 15:13:03.050, 1530778151052, vstest.console.dll, AssemblyResolver.OnResolve: Microsoft.VisualStudio.TestPlatform.Common.resources: Assembly path does not exist: 'C:\Program Files\dotnet\sdk\6.0.401\Extensions\Microsoft.VisualStudio.TestPlatform.Common.resources.exe', returning.
TpTrace Information: 0 : 5416, 1, 2022/10/13, 15:13:03.050, 1530778151324, vstest.console.dll, AssemblyResolver.OnResolve: Microsoft.VisualStudio.TestPlatform.Common.resources: Searching in: 'C:\Program Files\dotnet\sdk\6.0.401'.
TpTrace Information: 0 : 5416, 1, 2022/10/13, 15:13:03.050, 1530778151768, vstest.console.dll, AssemblyResolver.OnResolve: Microsoft.VisualStudio.TestPlatform.Common.resources: Assembly path does not exist: 'C:\Program Files\dotnet\sdk\6.0.401\Microsoft.VisualStudio.TestPlatform.Common.resources.dll', returning.
TpTrace Information: 0 : 5416, 1, 2022/10/13, 15:13:03.050, 1530778152279, vstest.console.dll, AssemblyResolver.OnResolve: Microsoft.VisualStudio.TestPlatform.Common.resources: Assembly path does not exist: 'C:\Program Files\dotnet\sdk\6.0.401\Microsoft.VisualStudio.TestPlatform.Common.resources.exe', returning.
TpTrace Information: 0 : 5416, 1, 2022/10/13, 15:13:03.050, 1530778152543, vstest.console.dll, AssemblyResolver.OnResolve: Microsoft.VisualStudio.TestPlatform.Common.resources: Failed to load assembly.
TpTrace Verbose: 0 : 5416, 1, 2022/10/13, 15:13:03.109, 1530778741245, vstest.console.dll, DataCollectionRequestSender.SendBeforeTestRunStartAndGetResult: Received message: (DataCollection.BeforeTestRunStartResult) -> {"MessageType":"DataCollection.BeforeTestRunStartResult","Payload":{"EnvironmentVariables":{},"DataCollectionEventsPort":61028}}
TpTrace Information: 0 : 5416, 1, 2022/10/13, 15:13:03.113, 1530778782716, vstest.console.dll, ProxyDataCollectionManager.BeforeTestRunStart: SendBeforeTestRunStartAndGetResult successful, env variable from datacollector:   and testhost port: 61028
TpTrace Information: 0 : 5416, 1, 2022/10/13, 15:13:03.113, 1530778783394, vstest.console.dll, ProxyDataCollectionManager.InvokeDataCollectionServiceAction: Completed.
TpTrace Verbose: 0 : 5416, 1, 2022/10/13, 15:13:03.113, 1530778784476, vstest.console.dll, ProxyParallelExecutionManager: No sources available for execution.
TpTrace Information: 0 : 5416, 1, 2022/10/13, 15:13:03.113, 1530778784947, vstest.console.dll, TestRunRequest.ExecuteAsync: Started.
TpTrace Verbose: 0 : 5416, 7, 2022/10/13, 15:13:03.113, 1530778784448, vstest.console.dll, ParallelProxyExecutionManager: Execution started. Started clients: 1
TpTrace Verbose: 0 : 5416, 1, 2022/10/13, 15:13:03.113, 1530778785937, vstest.console.dll, TestRunRequest.WaitForCompletion: Waiting with timeout -1.
TpTrace Verbose: 0 : 5416, 7, 2022/10/13, 15:13:03.113, 1530778787305, vstest.console.dll, TestRunRequest:SendTestRunMessage: Starting.
TpTrace Verbose: 0 : 5416, 7, 2022/10/13, 15:13:03.113, 1530778788476, vstest.console.dll, MulticastDelegateUtilities.SafeInvoke: TestRun.LogMessages: Invoking callback 1/1 for Microsoft.VisualStudio.TestPlatform.CommandLine.TestRunResultAggregator.TestRunMessageHandler, took 0 ms.
TpTrace Verbose: 0 : 5416, 4, 2022/10/13, 15:13:03.113, 1530778788727, vstest.console.dll, MulticastDelegateUtilities.SafeInvoke: InternalTestLoggerEvents.SendTestRunMessage: Invoking callback 1/1 for Microsoft.VisualStudio.TestPlatform.CommandLine.Internal.ConsoleLogger.TestMessageHandler, took 0 ms.
TpTrace Information: 0 : 5416, 7, 2022/10/13, 15:13:03.113, 1530778788851, vstest.console.dll, TestRunRequest:SendTestRunMessage: Completed.
TpTrace Verbose: 0 : 5416, 7, 2022/10/13, 15:13:03.114, 1530778790946, vstest.console.dll, ProxyExecutionManager: Test host is always Lazy initialize.
TpTrace Verbose: 0 : 5416, 7, 2022/10/13, 15:13:03.114, 1530778792582, vstest.console.dll, TestRequestSender.InitializeCommunication: initialize communication. 
TpTrace Information: 0 : 5416, 7, 2022/10/13, 15:13:03.114, 1530778796186, vstest.console.dll, SocketServer.Start: Listening on endpoint : 127.0.0.1:61029
TpTrace Verbose: 0 : 5416, 7, 2022/10/13, 15:13:03.115, 1530778800979, vstest.console.dll, DotnetTestHostmanager.GetTestHostProcessStartInfo: Platform environment 'X64' target architecture 'X64' framework '.NETCoreApp,Version=v3.1' OS 'Windows'
TpTrace Verbose: 0 : 5416, 7, 2022/10/13, 15:13:03.115, 1530778802159, vstest.console.dll, DotnetTestHostmanager: Adding  --runtimeconfig "D:\Practica2Calidad\XUnitTesting\bin\Debug\netcoreapp3.1\fine-code-coverage\build-output\XUnitTesting.runtimeconfig.json" in args
TpTrace Verbose: 0 : 5416, 7, 2022/10/13, 15:13:03.115, 1530778802648, vstest.console.dll, DotnetTestHostmanager: Adding  --depsfile "D:\Practica2Calidad\XUnitTesting\bin\Debug\netcoreapp3.1\fine-code-coverage\build-output\XUnitTesting.deps.json" in args
TpTrace Verbose: 0 : 5416, 7, 2022/10/13, 15:13:03.115, 1530778803926, vstest.console.dll, DotnetTestHostmanager.IsWinOnArm: Current PROCESSOR_ARCHITECTURE from environment variable 'AMD64'
TpTrace Verbose: 0 : 5416, 7, 2022/10/13, 15:13:03.115, 1530778804400, vstest.console.dll, DotnetTestHostmanager.IsWinOnArm: Is Windows on ARM 'False'
TpTrace Verbose: 0 : 5416, 7, 2022/10/13, 15:13:03.115, 1530778804781, vstest.console.dll, DotnetTestHostManager: testhost.exe found at path: D:\Practica2Calidad\XUnitTesting\bin\Debug\netcoreapp3.1\fine-code-coverage\build-output\testhost.exe
TpTrace Verbose: 0 : 5416, 7, 2022/10/13, 15:13:03.115, 1530778805181, vstest.console.dll, DotnetTestHostmanager: Full path of host exe is D:\Practica2Calidad\XUnitTesting\bin\Debug\netcoreapp3.1\fine-code-coverage\build-output\testhost.exe
TpTrace Verbose: 0 : 5416, 7, 2022/10/13, 15:13:03.115, 1530778806126, vstest.console.dll, DotnetTestHostmanager.LaunchTestHostAsync: Found 'VSTEST_WINAPPHOST_DOTNET_ROOT' in env variables, value 'C:\Program Files\dotnet', forwarding to 'DOTNET_ROOT'
TpTrace Verbose: 0 : 5416, 7, 2022/10/13, 15:13:03.115, 1530778807225, vstest.console.dll, DotnetTestHostManager: Starting process 'D:\Practica2Calidad\XUnitTesting\bin\Debug\netcoreapp3.1\fine-code-coverage\build-output\testhost.exe' with command line ' --runtimeconfig "D:\Practica2Calidad\XUnitTesting\bin\Debug\netcoreapp3.1\fine-code-coverage\build-output\XUnitTesting.runtimeconfig.json" --depsfile "D:\Practica2Calidad\XUnitTesting\bin\Debug\netcoreapp3.1\fine-code-coverage\build-output\XUnitTesting.deps.json" --port 61029 --endpoint 127.0.0.1:061029 --role client --parentprocessid 5416 --diag "D:\Practica2Calidad\XUnitTesting\bin\Debug\netcoreapp3.1\fine-code-coverage\coverage-tool-output\diagnostics.host.22-10-13_15-13-03_11498_7.log" --tracelevel 4 --datacollectionport 61028 --telemetryoptedin false'
TpTrace Verbose: 0 : 5416, 7, 2022/10/13, 15:13:03.143, 1530779079791, vstest.console.dll, MulticastDelegateUtilities.SafeInvoke: HostProviderEvents.OnHostLaunched: Invoking callback 1/2 for Microsoft.VisualStudio.TestPlatform.CrossPlatEngine.Client.ProxyExecutionManagerWithDataCollection.TestHostLaunchedHandler, took 0 ms.
TpTrace Verbose: 0 : 5416, 7, 2022/10/13, 15:13:03.143, 1530779080692, vstest.console.dll, Test Runtime launched
TpTrace Verbose: 0 : 5416, 7, 2022/10/13, 15:13:03.143, 1530779081070, vstest.console.dll, MulticastDelegateUtilities.SafeInvoke: HostProviderEvents.OnHostLaunched: Invoking callback 2/2 for Microsoft.VisualStudio.TestPlatform.CrossPlatEngine.Client.ProxyOperationManager.TestHostManagerHostLaunched, took 0 ms.
TpTrace Verbose: 0 : 5416, 7, 2022/10/13, 15:13:03.143, 1530779082100, vstest.console.dll, TestRequestSender.WaitForRequestHandlerConnection: waiting for connection with timeout: 90000.
TpTrace Verbose: 0 : 5416, 13, 2022/10/13, 15:13:03.305, 1530780708584, vstest.console.dll, MulticastDelegateUtilities.SafeInvoke: SocketServer: ClientConnected: Invoking callback 1/1 for Microsoft.VisualStudio.TestPlatform.CommunicationUtilities.TestRequestSender.<InitializeCommunication>b__24_0, took 0 ms.
TpTrace Verbose: 0 : 5416, 13, 2022/10/13, 15:13:03.306, 1530780709272, vstest.console.dll, SocketServer.OnClientConnected: Client connected for endPoint: 127.0.0.1:61029, starting MessageLoopAsync:
TpTrace Verbose: 0 : 5416, 7, 2022/10/13, 15:13:03.305, 1530780708778, vstest.console.dll, TestRequestSender.WaitForRequestHandlerConnection: waiting took 162 ms, with timeout 90000 ms, and result 0, which is success.
TpTrace Verbose: 0 : 5416, 13, 2022/10/13, 15:13:03.306, 1530780712309, vstest.console.dll, TcpClientExtensions.MessageLoopAsync: Polling on remoteEndPoint: 127.0.0.1:61030 localEndPoint: 127.0.0.1:61029
TpTrace Verbose: 0 : 5416, 7, 2022/10/13, 15:13:03.306, 1530780716207, vstest.console.dll, TestRequestSender.CheckVersionWithTestHost: Sending check version message: {"MessageType":"ProtocolVersion","Payload":7}
TpTrace Verbose: 0 : 5416, 13, 2022/10/13, 15:13:03.423, 1530781886045, vstest.console.dll, TcpClientExtensions.MessageLoopAsync: NotifyDataAvailable remoteEndPoint: 127.0.0.1:61030 localEndPoint: 127.0.0.1:61029
TpTrace Verbose: 0 : 5416, 13, 2022/10/13, 15:13:03.423, 1530781887895, vstest.console.dll, TestRequestSender.CheckVersionWithTestHost: onMessageReceived received message: (ProtocolVersion) -> {"MessageType":"ProtocolVersion","Payload":5}
TpTrace Verbose: 0 : 5416, 13, 2022/10/13, 15:13:03.424, 1530781892392, vstest.console.dll, MulticastDelegateUtilities.SafeInvoke: LengthPrefixCommunicationChannel: MessageReceived: Invoking callback 1/1 for Microsoft.VisualStudio.TestPlatform.CommunicationUtilities.TestRequestSender+<>c__DisplayClass26_0.<CheckVersionWithTestHost>b__0, took 0 ms.
TpTrace Verbose: 0 : 5416, 13, 2022/10/13, 15:13:03.424, 1530781893078, vstest.console.dll, TcpClientExtensions.MessageLoopAsync: Polling on remoteEndPoint: 127.0.0.1:61030 localEndPoint: 127.0.0.1:61029
TpTrace Verbose: 0 : 5416, 7, 2022/10/13, 15:13:03.424, 1530781893176, vstest.console.dll, TestPluginCache.GetExtensionPaths: Filtered extension paths: 
TpTrace Verbose: 0 : 5416, 7, 2022/10/13, 15:13:03.424, 1530781893861, vstest.console.dll, TestPluginCache.GetExtensionPaths: Added default extension paths: C:\Program Files\dotnet\sdk\6.0.401\Extensions\Microsoft.Diagnostics.NETCore.Client.dll
C:\Program Files\dotnet\sdk\6.0.401\Extensions\Microsoft.TestPlatform.Extensions.BlameDataCollector.dll
C:\Program Files\dotnet\sdk\6.0.401\Extensions\Microsoft.TestPlatform.Extensions.EventLogCollector.dll
C:\Program Files\dotnet\sdk\6.0.401\Extensions\Microsoft.TestPlatform.TestHostRuntimeProvider.dll
C:\Program Files\dotnet\sdk\6.0.401\Extensions\Microsoft.VisualStudio.TestPlatform.Extensions.Html.TestLogger.dll
C:\Program Files\dotnet\sdk\6.0.401\Extensions\Microsoft.VisualStudio.TestPlatform.Extensions.Trx.TestLogger.dll
TpTrace Verbose: 0 : 5416, 7, 2022/10/13, 15:13:03.424, 1530781894195, vstest.console.dll, TestPluginCache.GetExtensionPaths: Added unfilterableExtensionPaths: 
TpTrace Verbose: 0 : 5416, 7, 2022/10/13, 15:13:03.426, 1530781916784, vstest.console.dll, TestRequestSender.InitializeExecution: Sending initialize execution with message: {"Version":5,"MessageType":"TestExecution.Initialize","Payload":["D:\\Practica2Calidad\\XUnitTesting\\bin\\Debug\\netcoreapp3.1\\fine-code-coverage\\build-output\\xunit.runner.visualstudio.dotnetcore.testadapter.dll"]}
TpTrace Warning: 0 : 5416, 7, 2022/10/13, 15:13:03.427, 1530781919524, vstest.console.dll, InferRunSettingsHelper.MakeRunsettingsCompatible: Removing the following settings: TargetPlatform from RunSettings file. To use those settings please move to latest version of Microsoft.NET.Test.Sdk
TpTrace Verbose: 0 : 5416, 7, 2022/10/13, 15:13:03.432, 1530781978435, vstest.console.dll, TestRequestSender.StartTestRun: Sending test run with message: {"Version":5,"MessageType":"TestExecution.StartWithSources","Payload":{"AdapterSourceMap":{"_none_":["D:\\Practica2Calidad\\XUnitTesting\\bin\\Debug\\netcoreapp3.1\\fine-code-coverage\\build-output\\XUnitTesting.dll"]},"RunSettings":"<RunSettings>\r\n  <RunConfiguration>\r\n    <ResultsDirectory>D:\\Practica2Calidad\\XUnitTesting\\bin\\Debug\\netcoreapp3.1\\fine-code-coverage\\coverage-tool-output</ResultsDirectory>\r\n    <TargetFrameworkVersion>.NETCoreApp,Version=v3.1</TargetFrameworkVersion>\r\n    <DesignMode>False</DesignMode>\r\n    <CollectSourceInformation>False</CollectSourceInformation>\r\n  </RunConfiguration>\r\n  <LoggerRunSettings>\r\n    <Loggers>\r\n      <Logger friendlyName=\"blame\" enabled=\"True\" />\r\n      <Logger friendlyName=\"Console\" uri=\"logger://microsoft/TestPlatform/ConsoleLogger/v1\" assemblyQualifiedName=\"Microsoft.VisualStudio.TestPlatform.CommandLine.Internal.ConsoleLogger, vstest.console, Version=15.0.0.0, Culture=neutral, PublicKeyToken=b03f5f7f11d50a3a\" codeBase=\"C:\\Program Files\\dotnet\\sdk\\6.0.401\\vstest.console.dll\" enabled=\"True\" />\r\n    </Loggers>\r\n  </LoggerRunSettings>\r\n  <DataCollectionRunSettings>\r\n    <DataCollectors>\r\n      <DataCollector friendlyName=\"blame\" enabled=\"True\">\r\n        <Configuration>\r\n          <ResultsDirectory>D:\\Practica2Calidad\\XUnitTesting\\bin\\Debug\\netcoreapp3.1\\fine-code-coverage\\coverage-tool-output</ResultsDirectory>\r\n        </Configuration>\r\n      </DataCollector>\r\n    </DataCollectors>\r\n  </DataCollectionRunSettings>\r\n</RunSettings>","TestExecutionContext":{"FrequencyOfRunStatsChangeEvent":10,"RunStatsChangeEventTimeout":"00:00:01.5000000","InIsolation":false,"KeepAlive":false,"AreTestCaseLevelEventsRequired":false,"IsDebug":false,"TestCaseFilter":null,"FilterOptions":null},"Package":null}}
TpTrace Verbose: 0 : 5416, 13, 2022/10/13, 15:13:03.448, 1530782132069, vstest.console.dll, TcpClientExtensions.MessageLoopAsync: NotifyDataAvailable remoteEndPoint: 127.0.0.1:61030 localEndPoint: 127.0.0.1:61029
TpTrace Verbose: 0 : 5416, 13, 2022/10/13, 15:13:03.448, 1530782133457, vstest.console.dll, TestRequestSender.OnExecutionMessageReceived: Received message: {"Version":5,"MessageType":"TestSession.Message","Payload":{"MessageLevel":0,"Message":"Registrando diagnstico de TestHost en el archivo: D:\\Practica2Calidad\\XUnitTesting\\bin\\Debug\\netcoreapp3.1\\fine-code-coverage\\coverage-tool-output\\diagnostics.host.22-10-13_15-13-03_11498_7.log"}}
TpTrace Verbose: 0 : 5416, 13, 2022/10/13, 15:13:03.450, 1530782153782, vstest.console.dll, TestRunRequest:SendTestRunMessage: Starting.
TpTrace Verbose: 0 : 5416, 13, 2022/10/13, 15:13:03.450, 1530782154598, vstest.console.dll, MulticastDelegateUtilities.SafeInvoke: TestRun.LogMessages: Invoking callback 1/1 for Microsoft.VisualStudio.TestPlatform.CommandLine.TestRunResultAggregator.TestRunMessageHandler, took 0 ms.
TpTrace Information: 0 : 5416, 13, 2022/10/13, 15:13:03.450, 1530782154895, vstest.console.dll, TestRunRequest:SendTestRunMessage: Completed.
TpTrace Verbose: 0 : 5416, 4, 2022/10/13, 15:13:03.450, 1530782155014, vstest.console.dll, MulticastDelegateUtilities.SafeInvoke: InternalTestLoggerEvents.SendTestRunMessage: Invoking callback 1/1 for Microsoft.VisualStudio.TestPlatform.CommandLine.Internal.ConsoleLogger.TestMessageHandler, took 0 ms.
TpTrace Verbose: 0 : 5416, 13, 2022/10/13, 15:13:03.450, 1530782155240, vstest.console.dll, MulticastDelegateUtilities.SafeInvoke: LengthPrefixCommunicationChannel: MessageReceived: Invoking callback 1/1 for Microsoft.VisualStudio.TestPlatform.CommunicationUtilities.TestRequestSender+<>c__DisplayClass31_0.<StartTestRun>b__1, took 2 ms.
TpTrace Verbose: 0 : 5416, 13, 2022/10/13, 15:13:03.450, 1530782155971, vstest.console.dll, TcpClientExtensions.MessageLoopAsync: Polling on remoteEndPoint: 127.0.0.1:61030 localEndPoint: 127.0.0.1:61029
TpTrace Verbose: 0 : 5416, 13, 2022/10/13, 15:13:03.581, 1530783465630, vstest.console.dll, TcpClientExtensions.MessageLoopAsync: NotifyDataAvailable remoteEndPoint: 127.0.0.1:61030 localEndPoint: 127.0.0.1:61029
TpTrace Verbose: 0 : 5416, 13, 2022/10/13, 15:13:03.581, 1530783466702, vstest.console.dll, TestRequestSender.OnExecutionMessageReceived: Received message: {"Version":5,"MessageType":"TestSession.Message","Payload":{"MessageLevel":0,"Message":"[xUnit.net 00:00:00.00] xUnit.net VSTest Adapter v2.4.3+1b45f5407b (64-bit .NET Core 3.1.29)"}}
TpTrace Verbose: 0 : 5416, 13, 2022/10/13, 15:13:03.581, 1530783468032, vstest.console.dll, TestRunRequest:SendTestRunMessage: Starting.
TpTrace Verbose: 0 : 5416, 13, 2022/10/13, 15:13:03.581, 1530783468514, vstest.console.dll, MulticastDelegateUtilities.SafeInvoke: TestRun.LogMessages: Invoking callback 1/1 for Microsoft.VisualStudio.TestPlatform.CommandLine.TestRunResultAggregator.TestRunMessageHandler, took 0 ms.
TpTrace Information: 0 : 5416, 13, 2022/10/13, 15:13:03.581, 1530783468774, vstest.console.dll, TestRunRequest:SendTestRunMessage: Completed.
TpTrace Verbose: 0 : 5416, 13, 2022/10/13, 15:13:03.582, 1530783469014, vstest.console.dll, MulticastDelegateUtilities.SafeInvoke: LengthPrefixCommunicationChannel: MessageReceived: Invoking callback 1/1 for Microsoft.VisualStudio.TestPlatform.CommunicationUtilities.TestRequestSender+<>c__DisplayClass31_0.<StartTestRun>b__1, took 0 ms.
TpTrace Verbose: 0 : 5416, 4, 2022/10/13, 15:13:03.582, 1530783469134, vstest.console.dll, MulticastDelegateUtilities.SafeInvoke: InternalTestLoggerEvents.SendTestRunMessage: Invoking callback 1/1 for Microsoft.VisualStudio.TestPlatform.CommandLine.Internal.ConsoleLogger.TestMessageHandler, took 0 ms.
TpTrace Verbose: 0 : 5416, 13, 2022/10/13, 15:13:03.582, 1530783469314, vstest.console.dll, TcpClientExtensions.MessageLoopAsync: Polling on remoteEndPoint: 127.0.0.1:61030 localEndPoint: 127.0.0.1:61029
TpTrace Verbose: 0 : 5416, 13, 2022/10/13, 15:13:04.339, 1530791046606, vstest.console.dll, TcpClientExtensions.MessageLoopAsync: NotifyDataAvailable remoteEndPoint: 127.0.0.1:61030 localEndPoint: 127.0.0.1:61029
TpTrace Verbose: 0 : 5416, 13, 2022/10/13, 15:13:04.343, 1530791080426, vstest.console.dll, TestRequestSender.OnExecutionMessageReceived: Received message: {"Version":5,"MessageType":"TestSession.Message","Payload":{"MessageLevel":0,"Message":"[xUnit.net 00:00:00.76]   Discovering: XUnitTesting"}}
TpTrace Verbose: 0 : 5416, 13, 2022/10/13, 15:13:04.343, 1530791082189, vstest.console.dll, TestRunRequest:SendTestRunMessage: Starting.
TpTrace Verbose: 0 : 5416, 13, 2022/10/13, 15:13:04.343, 1530791082835, vstest.console.dll, MulticastDelegateUtilities.SafeInvoke: TestRun.LogMessages: Invoking callback 1/1 for Microsoft.VisualStudio.TestPlatform.CommandLine.TestRunResultAggregator.TestRunMessageHandler, took 0 ms.
TpTrace Information: 0 : 5416, 13, 2022/10/13, 15:13:04.343, 1530791083128, vstest.console.dll, TestRunRequest:SendTestRunMessage: Completed.
TpTrace Verbose: 0 : 5416, 4, 2022/10/13, 15:13:04.343, 1530791083103, vstest.console.dll, MulticastDelegateUtilities.SafeInvoke: InternalTestLoggerEvents.SendTestRunMessage: Invoking callback 1/1 for Microsoft.VisualStudio.TestPlatform.CommandLine.Internal.ConsoleLogger.TestMessageHandler, took 0 ms.
TpTrace Verbose: 0 : 5416, 13, 2022/10/13, 15:13:04.343, 1530791083465, vstest.console.dll, MulticastDelegateUtilities.SafeInvoke: LengthPrefixCommunicationChannel: MessageReceived: Invoking callback 1/1 for Microsoft.VisualStudio.TestPlatform.CommunicationUtilities.TestRequestSender+<>c__DisplayClass31_0.<StartTestRun>b__1, took 3 ms.
TpTrace Verbose: 0 : 5416, 13, 2022/10/13, 15:13:04.343, 1530791084393, vstest.console.dll, TcpClientExtensions.MessageLoopAsync: Polling on remoteEndPoint: 127.0.0.1:61030 localEndPoint: 127.0.0.1:61029
TpTrace Verbose: 0 : 5416, 13, 2022/10/13, 15:13:04.367, 1530791327722, vstest.console.dll, TcpClientExtensions.MessageLoopAsync: NotifyDataAvailable remoteEndPoint: 127.0.0.1:61030 localEndPoint: 127.0.0.1:61029
TpTrace Verbose: 0 : 5416, 13, 2022/10/13, 15:13:04.368, 1530791329001, vstest.console.dll, TestRequestSender.OnExecutionMessageReceived: Received message: {"Version":5,"MessageType":"TestSession.Message","Payload":{"MessageLevel":0,"Message":"[xUnit.net 00:00:00.78]   Discovered:  XUnitTesting"}}
TpTrace Verbose: 0 : 5416, 13, 2022/10/13, 15:13:04.368, 1530791329849, vstest.console.dll, TestRunRequest:SendTestRunMessage: Starting.
TpTrace Verbose: 0 : 5416, 13, 2022/10/13, 15:13:04.368, 1530791330346, vstest.console.dll, MulticastDelegateUtilities.SafeInvoke: TestRun.LogMessages: Invoking callback 1/1 for Microsoft.VisualStudio.TestPlatform.CommandLine.TestRunResultAggregator.TestRunMessageHandler, took 0 ms.
TpTrace Information: 0 : 5416, 13, 2022/10/13, 15:13:04.368, 1530791330625, vstest.console.dll, TestRunRequest:SendTestRunMessage: Completed.
TpTrace Verbose: 0 : 5416, 4, 2022/10/13, 15:13:04.368, 1530791330729, vstest.console.dll, MulticastDelegateUtilities.SafeInvoke: InternalTestLoggerEvents.SendTestRunMessage: Invoking callback 1/1 for Microsoft.VisualStudio.TestPlatform.CommandLine.Internal.ConsoleLogger.TestMessageHandler, took 0 ms.
TpTrace Verbose: 0 : 5416, 13, 2022/10/13, 15:13:04.368, 1530791330920, vstest.console.dll, MulticastDelegateUtilities.SafeInvoke: LengthPrefixCommunicationChannel: MessageReceived: Invoking callback 1/1 for Microsoft.VisualStudio.TestPlatform.CommunicationUtilities.TestRequestSender+<>c__DisplayClass31_0.<StartTestRun>b__1, took 0 ms.
TpTrace Verbose: 0 : 5416, 13, 2022/10/13, 15:13:04.368, 1530791332156, vstest.console.dll, TcpClientExtensions.MessageLoopAsync: Polling on remoteEndPoint: 127.0.0.1:61030 localEndPoint: 127.0.0.1:61029
TpTrace Verbose: 0 : 5416, 13, 2022/10/13, 15:13:04.370, 1530791350070, vstest.console.dll, TcpClientExtensions.MessageLoopAsync: NotifyDataAvailable remoteEndPoint: 127.0.0.1:61030 localEndPoint: 127.0.0.1:61029
TpTrace Verbose: 0 : 5416, 13, 2022/10/13, 15:13:04.370, 1530791351083, vstest.console.dll, TestRequestSender.OnExecutionMessageReceived: Received message: {"Version":5,"MessageType":"TestSession.Message","Payload":{"MessageLevel":0,"Message":"[xUnit.net 00:00:00.79]   Starting:    XUnitTesting"}}
TpTrace Verbose: 0 : 5416, 13, 2022/10/13, 15:13:04.370, 1530791351909, vstest.console.dll, TestRunRequest:SendTestRunMessage: Starting.
TpTrace Verbose: 0 : 5416, 13, 2022/10/13, 15:13:04.370, 1530791352386, vstest.console.dll, MulticastDelegateUtilities.SafeInvoke: TestRun.LogMessages: Invoking callback 1/1 for Microsoft.VisualStudio.TestPlatform.CommandLine.TestRunResultAggregator.TestRunMessageHandler, took 0 ms.
TpTrace Information: 0 : 5416, 13, 2022/10/13, 15:13:04.370, 1530791352656, vstest.console.dll, TestRunRequest:SendTestRunMessage: Completed.
TpTrace Verbose: 0 : 5416, 4, 2022/10/13, 15:13:04.370, 1530791352814, vstest.console.dll, MulticastDelegateUtilities.SafeInvoke: InternalTestLoggerEvents.SendTestRunMessage: Invoking callback 1/1 for Microsoft.VisualStudio.TestPlatform.CommandLine.Internal.ConsoleLogger.TestMessageHandler, took 0 ms.
TpTrace Verbose: 0 : 5416, 13, 2022/10/13, 15:13:04.370, 1530791352906, vstest.console.dll, MulticastDelegateUtilities.SafeInvoke: LengthPrefixCommunicationChannel: MessageReceived: Invoking callback 1/1 for Microsoft.VisualStudio.TestPlatform.CommunicationUtilities.TestRequestSender+<>c__DisplayClass31_0.<StartTestRun>b__1, took 0 ms.
TpTrace Verbose: 0 : 5416, 13, 2022/10/13, 15:13:04.370, 1530791353876, vstest.console.dll, TcpClientExtensions.MessageLoopAsync: Polling on remoteEndPoint: 127.0.0.1:61030 localEndPoint: 127.0.0.1:61029
TpTrace Verbose: 0 : 5416, 13, 2022/10/13, 15:13:04.479, 1530792448840, vstest.console.dll, TcpClientExtensions.MessageLoopAsync: NotifyDataAvailable remoteEndPoint: 127.0.0.1:61030 localEndPoint: 127.0.0.1:61029
TpTrace Verbose: 0 : 5416, 13, 2022/10/13, 15:13:04.480, 1530792450761, vstest.console.dll, TestRequestSender.OnExecutionMessageReceived: Received message: {"Version":5,"MessageType":"TestExecution.StatsChange","Payload":{"NewTestResults":[{"TestCase":{"Id":"02834b24-abbe-bacb-51f0-15e118058a36","FullyQualifiedName":"XUnitTesting.ModelsUT.MovieModelShould.ValidateDescription","DisplayName":"XUnitTesting.ModelsUT.MovieModelShould.ValidateDescription","ExecutorUri":"executor://xunit/VsTestRunner2/netcoreapp","Source":"D:\\Practica2Calidad\\XUnitTesting\\bin\\Debug\\netcoreapp3.1\\fine-code-coverage\\build-output\\XUnitTesting.dll","CodeFilePath":null,"LineNumber":0,"Properties":[]},"Attachments":[],"Outcome":1,"ErrorMessage":null,"ErrorStackTrace":null,"DisplayName":"XUnitTesting.ModelsUT.MovieModelShould.ValidateDescription","Messages":[],"ComputerName":"MAXY","Duration":"00:00:00.0027777","StartTime":"2022-10-13T19:13:04.4364989+00:00","EndTime":"2022-10-13T19:13:04.4365572+00:00","Properties":[]},{"TestCase":{"Id":"4b4ff61c-9fa2-256d-bc03-b1e788cf0852","FullyQualifiedName":"XUnitTesting.CreateRoleViewModelShould.NameRoleValidation","DisplayName":"XUnitTesting.CreateRoleViewModelShould.NameRoleValidation","ExecutorUri":"executor://xunit/VsTestRunner2/netcoreapp","Source":"D:\\Practica2Calidad\\XUnitTesting\\bin\\Debug\\netcoreapp3.1\\fine-code-coverage\\build-output\\XUnitTesting.dll","CodeFilePath":null,"LineNumber":0,"Properties":[]},"Attachments":[],"Outcome":1,"ErrorMessage":null,"ErrorStackTrace":null,"DisplayName":"XUnitTesting.CreateRoleViewModelShould.NameRoleValidation","Messages":[],"ComputerName":"MAXY","Duration":"00:00:00.0027215","StartTime":"2022-10-13T19:13:04.4496087+00:00","EndTime":"2022-10-13T19:13:04.4496096+00:00","Properties":[]},{"TestCase":{"Id":"9a98e1c5-ec93-b91e-e8d3-f71f40122434","FullyQualifiedName":"XUnitTesting.RegisterViewModelShould.ValidateEmailSet","DisplayName":"XUnitTesting.RegisterViewModelShould.ValidateEmailSet","ExecutorUri":"executor://xunit/VsTestRunner2/netcoreapp","Source":"D:\\Practica2Calidad\\XUnitTesting\\bin\\Debug\\netcoreapp3.1\\fine-code-coverage\\build-output\\XUnitTesting.dll","CodeFilePath":null,"LineNumber":0,"Properties":[]},"Attachments":[],"Outcome":1,"ErrorMessage":null,"ErrorStackTrace":null,"DisplayName":"XUnitTesting.RegisterViewModelShould.ValidateEmailSet","Messages":[],"ComputerName":"MAXY","Duration":"00:00:00.0027732","StartTime":"2022-10-13T19:13:04.450521+00:00","EndTime":"2022-10-13T19:13:04.4505214+00:00","Properties":[]},{"TestCase":{"Id":"8ee10663-cc43-971f-e443-5d27660b5ae2","FullyQualifiedName":"XUnitTesting.ServicesUT.MovieServiceShould.TestValidateFranchiseAsync","DisplayName":"XUnitTesting.ServicesUT.MovieServiceShould.TestValidateFranchiseAsync","ExecutorUri":"executor://xunit/VsTestRunner2/netcoreapp","Source":"D:\\Practica2Calidad\\XUnitTesting\\bin\\Debug\\netcoreapp3.1\\fine-code-coverage\\build-output\\XUnitTesting.dll","CodeFilePath":null,"LineNumber":0,"Properties":[]},"Attachments":[],"Outcome":1,"ErrorMessage":null,"ErrorStackTrace":null,"DisplayName":"XUnitTesting.ServicesUT.MovieServiceShould.TestValidateFranchiseAsync","Messages":[],"ComputerName":"MAXY","Duration":"00:00:00.0027351","StartTime":"2022-10-13T19:13:04.4511586+00:00","EndTime":"2022-10-13T19:13:04.4511589+00:00","Properties":[]},{"TestCase":{"Id":"35b9c439-3cf6-18bc-eca3-574b9dbc5127","FullyQualifiedName":"XUnitTesting.RegisterViewModelShould.ValidateConfirmPassword","DisplayName":"XUnitTesting.RegisterViewModelShould.ValidateConfirmPassword","ExecutorUri":"executor://xunit/VsTestRunner2/netcoreapp","Source":"D:\\Practica2Calidad\\XUnitTesting\\bin\\Debug\\netcoreapp3.1\\fine-code-coverage\\build-output\\XUnitTesting.dll","CodeFilePath":null,"LineNumber":0,"Properties":[]},"Attachments":[],"Outcome":1,"ErrorMessage":null,"ErrorStackTrace":null,"DisplayName":"XUnitTesting.RegisterViewModelShould.ValidateConfirmPassword","Messages":[],"ComputerName":"MAXY","Duration":"00:00:00.0002420","StartTime":"2022-10-13T19:13:04.4547595+00:00","EndTime":"2022-10-13T19:13:04.4547603+00:00","Properties":[]},{"TestCase":{"Id":"cba450ca-3d40-4706-6663-cf5ad21b25da","FullyQualifiedName":"XUnitTesting.CreateRoleViewModelShould.NormalizedNameValidation","DisplayName":"XUnitTesting.CreateRoleViewModelShould.NormalizedNameValidation","ExecutorUri":"executor://xunit/VsTestRunner2/netcoreapp","Source":"D:\\Practica2Calidad\\XUnitTesting\\bin\\Debug\\netcoreapp3.1\\fine-code-coverage\\build-output\\XUnitTesting.dll","CodeFilePath":null,"LineNumber":0,"Properties":[]},"Attachments":[],"Outcome":1,"ErrorMessage":null,"ErrorStackTrace":null,"DisplayName":"XUnitTesting.CreateRoleViewModelShould.NormalizedNameValidation","Messages":[],"ComputerName":"MAXY","Duration":"00:00:00.0008141","StartTime":"2022-10-13T19:13:04.4562833+00:00","EndTime":"2022-10-13T19:13:04.4562841+00:00","Properties":[]},{"TestCase":{"Id":"63e133b4-9958-ad9a-fbf7-0be6038db6fb","FullyQualifiedName":"XUnitTesting.ModelsUT.MovieModelShould.ValidateMovieSetId","DisplayName":"XUnitTesting.ModelsUT.MovieModelShould.ValidateMovieSetId","ExecutorUri":"executor://xunit/VsTestRunner2/netcoreapp","Source":"D:\\Practica2Calidad\\XUnitTesting\\bin\\Debug\\netcoreapp3.1\\fine-code-coverage\\build-output\\XUnitTesting.dll","CodeFilePath":null,"LineNumber":0,"Properties":[]},"Attachments":[],"Outcome":1,"ErrorMessage":null,"ErrorStackTrace":null,"DisplayName":"XUnitTesting.ModelsUT.MovieModelShould.ValidateMovieSetId","Messages":[],"ComputerName":"MAXY","Duration":"00:00:00.0016808","StartTime":"2022-10-13T19:13:04.4570692+00:00","EndTime":"2022-10-13T19:13:04.4570697+00:00","Properties":[]}],"TestRunStatistics":{"ExecutedTests":7,"Stats":{"Passed":7}},"ActiveTests":[{"Id":"70e7e6b4-41ca-cb5c-05cc-ed8a5d0bdc81","FullyQualifiedName":"XUnitTesting.ServicesUT.FilmFranchiseServiceShould.ErrorCreateFranchiseAsync","DisplayName":"XUnitTesting.ServicesUT.FilmFranchiseServiceShould.ErrorCreateFranchiseAsync","ExecutorUri":"executor://xunit/VsTestRunner2/netcoreapp","Source":"D:\\Practica2Calidad\\XUnitTesting\\bin\\Debug\\netcoreapp3.1\\fine-code-coverage\\build-output\\XUnitTesting.dll","CodeFilePath":null,"LineNumber":0,"Properties":[]},{"Id":"4f6fe0d0-47a3-19ab-1751-6fd1c883e9f6","FullyQualifiedName":"XUnitTesting.RegisterViewModelShould.ValidatePassword","DisplayName":"XUnitTesting.RegisterViewModelShould.ValidatePassword","ExecutorUri":"executor://xunit/VsTestRunner2/netcoreapp","Source":"D:\\Practica2Calidad\\XUnitTesting\\bin\\Debug\\netcoreapp3.1\\fine-code-coverage\\build-output\\XUnitTesting.dll","CodeFilePath":null,"LineNumber":0,"Properties":[]},{"Id":"e903ee46-45db-4368-b995-e1c6fc3f8ca3","FullyQualifiedName":"XUnitTesting.ModelsUT.MovieModelShould.ValidateFilmFranchiseId","DisplayName":"XUnitTesting.ModelsUT.MovieModelShould.ValidateFilmFranchiseId","ExecutorUri":"executor://xunit/VsTestRunner2/netcoreapp","Source":"D:\\Practica2Calidad\\XUnitTesting\\bin\\Debug\\netcoreapp3.1\\fine-code-coverage\\build-output\\XUnitTesting.dll","CodeFilePath":null,"LineNumber":0,"Properties":[]}]}}
TpTrace Verbose: 0 : 5416, 13, 2022/10/13, 15:13:04.497, 1530792628048, vstest.console.dll, TestRunRequest:SendTestRunStatsChange: Starting.
TpTrace Verbose: 0 : 5416, 13, 2022/10/13, 15:13:04.498, 1530792629305, vstest.console.dll, InProgress is XUnitTesting.ServicesUT.FilmFranchiseServiceShould.ErrorCreateFranchiseAsync
TpTrace Verbose: 0 : 5416, 13, 2022/10/13, 15:13:04.498, 1530792629653, vstest.console.dll, InProgress is XUnitTesting.RegisterViewModelShould.ValidatePassword
TpTrace Verbose: 0 : 5416, 13, 2022/10/13, 15:13:04.498, 1530792629942, vstest.console.dll, InProgress is XUnitTesting.ModelsUT.MovieModelShould.ValidateFilmFranchiseId
TpTrace Verbose: 0 : 5416, 13, 2022/10/13, 15:13:04.498, 1530792631662, vstest.console.dll, MulticastDelegateUtilities.SafeInvoke: TestRun.RunStatsChanged: Invoking callbacks was skipped because there are no subscribers.
TpTrace Information: 0 : 5416, 13, 2022/10/13, 15:13:04.498, 1530792631998, vstest.console.dll, TestRunRequest:SendTestRunStatsChange: Completed.
TpTrace Verbose: 0 : 5416, 13, 2022/10/13, 15:13:04.498, 1530792632275, vstest.console.dll, MulticastDelegateUtilities.SafeInvoke: LengthPrefixCommunicationChannel: MessageReceived: Invoking callback 1/1 for Microsoft.VisualStudio.TestPlatform.CommunicationUtilities.TestRequestSender+<>c__DisplayClass31_0.<StartTestRun>b__1, took 18 ms.
TpTrace Verbose: 0 : 5416, 13, 2022/10/13, 15:13:04.498, 1530792632548, vstest.console.dll, TcpClientExtensions.MessageLoopAsync: Polling on remoteEndPoint: 127.0.0.1:61030 localEndPoint: 127.0.0.1:61029
TpTrace Verbose: 0 : 5416, 4, 2022/10/13, 15:13:04.503, 1530792686162, vstest.console.dll, MulticastDelegateUtilities.SafeInvoke: InternalTestLoggerEvents.SendTestResult: Invoking callback 1/1 for Microsoft.VisualStudio.TestPlatform.CommandLine.Internal.ConsoleLogger.TestResultHandler, took 5 ms.
TpTrace Verbose: 0 : 5416, 4, 2022/10/13, 15:13:04.503, 1530792687203, vstest.console.dll, MulticastDelegateUtilities.SafeInvoke: InternalTestLoggerEvents.SendTestResult: Invoking callback 1/1 for Microsoft.VisualStudio.TestPlatform.CommandLine.Internal.ConsoleLogger.TestResultHandler, took 0 ms.
TpTrace Verbose: 0 : 5416, 4, 2022/10/13, 15:13:04.503, 1530792687647, vstest.console.dll, MulticastDelegateUtilities.SafeInvoke: InternalTestLoggerEvents.SendTestResult: Invoking callback 1/1 for Microsoft.VisualStudio.TestPlatform.CommandLine.Internal.ConsoleLogger.TestResultHandler, took 0 ms.
TpTrace Verbose: 0 : 5416, 4, 2022/10/13, 15:13:04.503, 1530792688057, vstest.console.dll, MulticastDelegateUtilities.SafeInvoke: InternalTestLoggerEvents.SendTestResult: Invoking callback 1/1 for Microsoft.VisualStudio.TestPlatform.CommandLine.Internal.ConsoleLogger.TestResultHandler, took 0 ms.
TpTrace Verbose: 0 : 5416, 4, 2022/10/13, 15:13:04.503, 1530792688475, vstest.console.dll, MulticastDelegateUtilities.SafeInvoke: InternalTestLoggerEvents.SendTestResult: Invoking callback 1/1 for Microsoft.VisualStudio.TestPlatform.CommandLine.Internal.ConsoleLogger.TestResultHandler, took 0 ms.
TpTrace Verbose: 0 : 5416, 4, 2022/10/13, 15:13:04.503, 1530792688844, vstest.console.dll, MulticastDelegateUtilities.SafeInvoke: InternalTestLoggerEvents.SendTestResult: Invoking callback 1/1 for Microsoft.VisualStudio.TestPlatform.CommandLine.Internal.ConsoleLogger.TestResultHandler, took 0 ms.
TpTrace Verbose: 0 : 5416, 4, 2022/10/13, 15:13:04.504, 1530792689241, vstest.console.dll, MulticastDelegateUtilities.SafeInvoke: InternalTestLoggerEvents.SendTestResult: Invoking callback 1/1 for Microsoft.VisualStudio.TestPlatform.CommandLine.Internal.ConsoleLogger.TestResultHandler, took 0 ms.
TpTrace Verbose: 0 : 5416, 13, 2022/10/13, 15:13:04.668, 1530794329965, vstest.console.dll, TcpClientExtensions.MessageLoopAsync: NotifyDataAvailable remoteEndPoint: 127.0.0.1:61030 localEndPoint: 127.0.0.1:61029
TpTrace Verbose: 0 : 5416, 13, 2022/10/13, 15:13:04.668, 1530794331745, vstest.console.dll, TestRequestSender.OnExecutionMessageReceived: Received message: {"Version":5,"MessageType":"TestExecution.StatsChange","Payload":{"NewTestResults":[{"TestCase":{"Id":"4f6fe0d0-47a3-19ab-1751-6fd1c883e9f6","FullyQualifiedName":"XUnitTesting.RegisterViewModelShould.ValidatePassword","DisplayName":"XUnitTesting.RegisterViewModelShould.ValidatePassword","ExecutorUri":"executor://xunit/VsTestRunner2/netcoreapp","Source":"D:\\Practica2Calidad\\XUnitTesting\\bin\\Debug\\netcoreapp3.1\\fine-code-coverage\\build-output\\XUnitTesting.dll","CodeFilePath":null,"LineNumber":0,"Properties":[]},"Attachments":[],"Outcome":1,"ErrorMessage":null,"ErrorStackTrace":null,"DisplayName":"XUnitTesting.RegisterViewModelShould.ValidatePassword","Messages":[],"ComputerName":"MAXY","Duration":"00:00:00.0014234","StartTime":"2022-10-13T19:13:04.4808708+00:00","EndTime":"2022-10-13T19:13:04.4808724+00:00","Properties":[]},{"TestCase":{"Id":"e903ee46-45db-4368-b995-e1c6fc3f8ca3","FullyQualifiedName":"XUnitTesting.ModelsUT.MovieModelShould.ValidateFilmFranchiseId","DisplayName":"XUnitTesting.ModelsUT.MovieModelShould.ValidateFilmFranchiseId","ExecutorUri":"executor://xunit/VsTestRunner2/netcoreapp","Source":"D:\\Practica2Calidad\\XUnitTesting\\bin\\Debug\\netcoreapp3.1\\fine-code-coverage\\build-output\\XUnitTesting.dll","CodeFilePath":null,"LineNumber":0,"Properties":[]},"Attachments":[],"Outcome":1,"ErrorMessage":null,"ErrorStackTrace":null,"DisplayName":"XUnitTesting.ModelsUT.MovieModelShould.ValidateFilmFranchiseId","Messages":[],"ComputerName":"MAXY","Duration":"00:00:00.0003160","StartTime":"2022-10-13T19:13:04.4819704+00:00","EndTime":"2022-10-13T19:13:04.4819713+00:00","Properties":[]},{"TestCase":{"Id":"6c9d45f0-2b43-ebe3-9306-83ae9d7068e0","FullyQualifiedName":"XUnitTesting.ModelsUT.MovieModelShould.ValidateImagePath","DisplayName":"XUnitTesting.ModelsUT.MovieModelShould.ValidateImagePath","ExecutorUri":"executor://xunit/VsTestRunner2/netcoreapp","Source":"D:\\Practica2Calidad\\XUnitTesting\\bin\\Debug\\netcoreapp3.1\\fine-code-coverage\\build-output\\XUnitTesting.dll","CodeFilePath":null,"LineNumber":0,"Properties":[]},"Attachments":[],"Outcome":1,"ErrorMessage":null,"ErrorStackTrace":null,"DisplayName":"XUnitTesting.ModelsUT.MovieModelShould.ValidateImagePath","Messages":[],"ComputerName":"MAXY","Duration":"00:00:00.0002624","StartTime":"2022-10-13T19:13:04.4834595+00:00","EndTime":"2022-10-13T19:13:04.4834608+00:00","Properties":[]},{"TestCase":{"Id":"a3bc527e-b40c-9a9b-8d4a-7ed92d11ab4f","FullyQualifiedName":"XUnitTesting.ModelsUT.MovieModelShould.ValidateDuration","DisplayName":"XUnitTesting.ModelsUT.MovieModelShould.ValidateDuration","ExecutorUri":"executor://xunit/VsTestRunner2/netcoreapp","Source":"D:\\Practica2Calidad\\XUnitTesting\\bin\\Debug\\netcoreapp3.1\\fine-code-coverage\\build-output\\XUnitTesting.dll","CodeFilePath":null,"LineNumber":0,"Properties":[]},"Attachments":[],"Outcome":1,"ErrorMessage":null,"ErrorStackTrace":null,"DisplayName":"XUnitTesting.ModelsUT.MovieModelShould.ValidateDuration","Messages":[],"ComputerName":"MAXY","Duration":"00:00:00.0002939","StartTime":"2022-10-13T19:13:04.4847862+00:00","EndTime":"2022-10-13T19:13:04.4847873+00:00","Properties":[]},{"TestCase":{"Id":"21201080-6d2f-b26a-9fd2-b692eba636a1","FullyQualifiedName":"XUnitTesting.ModelsUT.MovieModelShould.ValidateGross","DisplayName":"XUnitTesting.ModelsUT.MovieModelShould.ValidateGross","ExecutorUri":"executor://xunit/VsTestRunner2/netcoreapp","Source":"D:\\Practica2Calidad\\XUnitTesting\\bin\\Debug\\netcoreapp3.1\\fine-code-coverage\\build-output\\XUnitTesting.dll","CodeFilePath":null,"LineNumber":0,"Properties":[]},"Attachments":[],"Outcome":1,"ErrorMessage":null,"ErrorStackTrace":null,"DisplayName":"XUnitTesting.ModelsUT.MovieModelShould.ValidateGross","Messages":[],"ComputerName":"MAXY","Duration":"00:00:00.0002439","StartTime":"2022-10-13T19:13:04.4860212+00:00","EndTime":"2022-10-13T19:13:04.4860222+00:00","Properties":[]},{"TestCase":{"Id":"f8df7ae9-ee61-0cbf-da52-99857cb0fa17","FullyQualifiedName":"XUnitTesting.ModelsUT.MovieModelShould.ValidateMovieSetTitle","DisplayName":"XUnitTesting.ModelsUT.MovieModelShould.ValidateMovieSetTitle","ExecutorUri":"executor://xunit/VsTestRunner2/netcoreapp","Source":"D:\\Practica2Calidad\\XUnitTesting\\bin\\Debug\\netcoreapp3.1\\fine-code-coverage\\build-output\\XUnitTesting.dll","CodeFilePath":null,"LineNumber":0,"Properties":[]},"Attachments":[],"Outcome":1,"ErrorMessage":null,"ErrorStackTrace":null,"DisplayName":"XUnitTesting.ModelsUT.MovieModelShould.ValidateMovieSetTitle","Messages":[],"ComputerName":"MAXY","Duration":"00:00:00.0001584","StartTime":"2022-10-13T19:13:04.4873472+00:00","EndTime":"2022-10-13T19:13:04.4873484+00:00","Properties":[]},{"TestCase":{"Id":"70e7e6b4-41ca-cb5c-05cc-ed8a5d0bdc81","FullyQualifiedName":"XUnitTesting.ServicesUT.FilmFranchiseServiceShould.ErrorCreateFranchiseAsync","DisplayName":"XUnitTesting.ServicesUT.FilmFranchiseServiceShould.ErrorCreateFranchiseAsync","ExecutorUri":"executor://xunit/VsTestRunner2/netcoreapp","Source":"D:\\Practica2Calidad\\XUnitTesting\\bin\\Debug\\netcoreapp3.1\\fine-code-coverage\\build-output\\XUnitTesting.dll","CodeFilePath":null,"LineNumber":0,"Properties":[]},"Attachments":[],"Outcome":1,"ErrorMessage":null,"ErrorStackTrace":null,"DisplayName":"XUnitTesting.ServicesUT.FilmFranchiseServiceShould.ErrorCreateFranchiseAsync","Messages":[],"ComputerName":"MAXY","Duration":"00:00:00.2231667","StartTime":"2022-10-13T19:13:04.6460191+00:00","EndTime":"2022-10-13T19:13:04.646021+00:00","Properties":[]},{"TestCase":{"Id":"f2fb423f-f961-e85f-6f3c-4aac98a9325b","FullyQualifiedName":"XUnitTesting.ServicesUT.FilmFranchiseServiceShould.GetFranchiseAsync","DisplayName":"XUnitTesting.ServicesUT.FilmFranchiseServiceShould.GetFranchiseAsync","ExecutorUri":"executor://xunit/VsTestRunner2/netcoreapp","Source":"D:\\Practica2Calidad\\XUnitTesting\\bin\\Debug\\netcoreapp3.1\\fine-code-coverage\\build-output\\XUnitTesting.dll","CodeFilePath":null,"LineNumber":0,"Properties":[]},"Attachments":[],"Outcome":1,"ErrorMessage":null,"ErrorStackTrace":null,"DisplayName":"XUnitTesting.ServicesUT.FilmFranchiseServiceShould.GetFranchiseAsync","Messages":[],"ComputerName":"MAXY","Duration":"00:00:00.0148050","StartTime":"2022-10-13T19:13:04.6608684+00:00","EndTime":"2022-10-13T19:13:04.6608707+00:00","Properties":[]},{"TestCase":{"Id":"ee9f932b-6f32-6844-1f47-d2b1af93a831","FullyQualifiedName":"XUnitTesting.ServicesUT.FilmFranchiseServiceShould.ErrorGetFranchiseAsync","DisplayName":"XUnitTesting.ServicesUT.FilmFranchiseServiceShould.ErrorGetFranchiseAsync","ExecutorUri":"executor://xunit/VsTestRunner2/netcoreapp","Source":"D:\\Practica2Calidad\\XUnitTesting\\bin\\Debug\\netcoreapp3.1\\fine-code-coverage\\build-output\\XUnitTesting.dll","CodeFilePath":null,"LineNumber":0,"Properties":[]},"Attachments":[],"Outcome":1,"ErrorMessage":null,"ErrorStackTrace":null,"DisplayName":"XUnitTesting.ServicesUT.FilmFranchiseServiceShould.ErrorGetFranchiseAsync","Messages":[],"ComputerName":"MAXY","Duration":"00:00:00.0056157","StartTime":"2022-10-13T19:13:04.6665452+00:00","EndTime":"2022-10-13T19:13:04.6665466+00:00","Properties":[]}],"TestRunStatistics":{"ExecutedTests":16,"Stats":{"Passed":16}},"ActiveTests":[{"Id":"9581f2f8-2387-a347-6dee-e6c356b4c354","FullyQualifiedName":"XUnitTesting.ServicesUT.FilmFranchiseServiceShould.GetFranchisesAsync","DisplayName":"XUnitTesting.ServicesUT.FilmFranchiseServiceShould.GetFranchisesAsync","ExecutorUri":"executor://xunit/VsTestRunner2/netcoreapp","Source":"D:\\Practica2Calidad\\XUnitTesting\\bin\\Debug\\netcoreapp3.1\\fine-code-coverage\\build-output\\XUnitTesting.dll","CodeFilePath":null,"LineNumber":0,"Properties":[]}]}}
TpTrace Verbose: 0 : 5416, 13, 2022/10/13, 15:13:04.668, 1530794338659, vstest.console.dll, TestRunRequest:SendTestRunStatsChange: Starting.
TpTrace Verbose: 0 : 5416, 13, 2022/10/13, 15:13:04.669, 1530794339135, vstest.console.dll, InProgress is XUnitTesting.ServicesUT.FilmFranchiseServiceShould.GetFranchisesAsync
TpTrace Verbose: 0 : 5416, 13, 2022/10/13, 15:13:04.669, 1530794339686, vstest.console.dll, MulticastDelegateUtilities.SafeInvoke: TestRun.RunStatsChanged: Invoking callbacks was skipped because there are no subscribers.
TpTrace Information: 0 : 5416, 13, 2022/10/13, 15:13:04.669, 1530794339960, vstest.console.dll, TestRunRequest:SendTestRunStatsChange: Completed.
TpTrace Verbose: 0 : 5416, 13, 2022/10/13, 15:13:04.669, 1530794340234, vstest.console.dll, MulticastDelegateUtilities.SafeInvoke: LengthPrefixCommunicationChannel: MessageReceived: Invoking callback 1/1 for Microsoft.VisualStudio.TestPlatform.CommunicationUtilities.TestRequestSender+<>c__DisplayClass31_0.<StartTestRun>b__1, took 0 ms.
TpTrace Verbose: 0 : 5416, 4, 2022/10/13, 15:13:04.669, 1530794340332, vstest.console.dll, MulticastDelegateUtilities.SafeInvoke: InternalTestLoggerEvents.SendTestResult: Invoking callback 1/1 for Microsoft.VisualStudio.TestPlatform.CommandLine.Internal.ConsoleLogger.TestResultHandler, took 0 ms.
TpTrace Verbose: 0 : 5416, 13, 2022/10/13, 15:13:04.669, 1530794340493, vstest.console.dll, TcpClientExtensions.MessageLoopAsync: Polling on remoteEndPoint: 127.0.0.1:61030 localEndPoint: 127.0.0.1:61029
TpTrace Verbose: 0 : 5416, 4, 2022/10/13, 15:13:04.669, 1530794341031, vstest.console.dll, MulticastDelegateUtilities.SafeInvoke: InternalTestLoggerEvents.SendTestResult: Invoking callback 1/1 for Microsoft.VisualStudio.TestPlatform.CommandLine.Internal.ConsoleLogger.TestResultHandler, took 0 ms.
TpTrace Verbose: 0 : 5416, 4, 2022/10/13, 15:13:04.669, 1530794342099, vstest.console.dll, MulticastDelegateUtilities.SafeInvoke: InternalTestLoggerEvents.SendTestResult: Invoking callback 1/1 for Microsoft.VisualStudio.TestPlatform.CommandLine.Internal.ConsoleLogger.TestResultHandler, took 0 ms.
TpTrace Verbose: 0 : 5416, 4, 2022/10/13, 15:13:04.669, 1530794342488, vstest.console.dll, MulticastDelegateUtilities.SafeInvoke: InternalTestLoggerEvents.SendTestResult: Invoking callback 1/1 for Microsoft.VisualStudio.TestPlatform.CommandLine.Internal.ConsoleLogger.TestResultHandler, took 0 ms.
TpTrace Verbose: 0 : 5416, 4, 2022/10/13, 15:13:04.669, 1530794342865, vstest.console.dll, MulticastDelegateUtilities.SafeInvoke: InternalTestLoggerEvents.SendTestResult: Invoking callback 1/1 for Microsoft.VisualStudio.TestPlatform.CommandLine.Internal.ConsoleLogger.TestResultHandler, took 0 ms.
TpTrace Verbose: 0 : 5416, 4, 2022/10/13, 15:13:04.669, 1530794343232, vstest.console.dll, MulticastDelegateUtilities.SafeInvoke: InternalTestLoggerEvents.SendTestResult: Invoking callback 1/1 for Microsoft.VisualStudio.TestPlatform.CommandLine.Internal.ConsoleLogger.TestResultHandler, took 0 ms.
TpTrace Verbose: 0 : 5416, 4, 2022/10/13, 15:13:04.669, 1530794343599, vstest.console.dll, MulticastDelegateUtilities.SafeInvoke: InternalTestLoggerEvents.SendTestResult: Invoking callback 1/1 for Microsoft.VisualStudio.TestPlatform.CommandLine.Internal.ConsoleLogger.TestResultHandler, took 0 ms.
TpTrace Verbose: 0 : 5416, 4, 2022/10/13, 15:13:04.669, 1530794343993, vstest.console.dll, MulticastDelegateUtilities.SafeInvoke: InternalTestLoggerEvents.SendTestResult: Invoking callback 1/1 for Microsoft.VisualStudio.TestPlatform.CommandLine.Internal.ConsoleLogger.TestResultHandler, took 0 ms.
TpTrace Verbose: 0 : 5416, 4, 2022/10/13, 15:13:04.669, 1530794344367, vstest.console.dll, MulticastDelegateUtilities.SafeInvoke: InternalTestLoggerEvents.SendTestResult: Invoking callback 1/1 for Microsoft.VisualStudio.TestPlatform.CommandLine.Internal.ConsoleLogger.TestResultHandler, took 0 ms.
TpTrace Verbose: 0 : 5416, 13, 2022/10/13, 15:13:04.704, 1530794694782, vstest.console.dll, TcpClientExtensions.MessageLoopAsync: NotifyDataAvailable remoteEndPoint: 127.0.0.1:61030 localEndPoint: 127.0.0.1:61029
TpTrace Verbose: 0 : 5416, 13, 2022/10/13, 15:13:04.704, 1530794695789, vstest.console.dll, TestRequestSender.OnExecutionMessageReceived: Received message: {"Version":5,"MessageType":"TestSession.Message","Payload":{"MessageLevel":0,"Message":"[xUnit.net 00:00:01.12]   Finished:    XUnitTesting"}}
TpTrace Verbose: 0 : 5416, 13, 2022/10/13, 15:13:04.704, 1530794696617, vstest.console.dll, TestRunRequest:SendTestRunMessage: Starting.
TpTrace Verbose: 0 : 5416, 13, 2022/10/13, 15:13:04.704, 1530794697111, vstest.console.dll, MulticastDelegateUtilities.SafeInvoke: TestRun.LogMessages: Invoking callback 1/1 for Microsoft.VisualStudio.TestPlatform.CommandLine.TestRunResultAggregator.TestRunMessageHandler, took 0 ms.
TpTrace Information: 0 : 5416, 13, 2022/10/13, 15:13:04.704, 1530794697381, vstest.console.dll, TestRunRequest:SendTestRunMessage: Completed.
TpTrace Verbose: 0 : 5416, 4, 2022/10/13, 15:13:04.704, 1530794697539, vstest.console.dll, MulticastDelegateUtilities.SafeInvoke: InternalTestLoggerEvents.SendTestRunMessage: Invoking callback 1/1 for Microsoft.VisualStudio.TestPlatform.CommandLine.Internal.ConsoleLogger.TestMessageHandler, took 0 ms.
TpTrace Verbose: 0 : 5416, 13, 2022/10/13, 15:13:04.704, 1530794697666, vstest.console.dll, MulticastDelegateUtilities.SafeInvoke: LengthPrefixCommunicationChannel: MessageReceived: Invoking callback 1/1 for Microsoft.VisualStudio.TestPlatform.CommunicationUtilities.TestRequestSender+<>c__DisplayClass31_0.<StartTestRun>b__1, took 0 ms.
TpTrace Verbose: 0 : 5416, 13, 2022/10/13, 15:13:04.704, 1530794698413, vstest.console.dll, TcpClientExtensions.MessageLoopAsync: Polling on remoteEndPoint: 127.0.0.1:61030 localEndPoint: 127.0.0.1:61029
TpTrace Verbose: 0 : 5416, 13, 2022/10/13, 15:13:04.717, 1530794819405, vstest.console.dll, TcpClientExtensions.MessageLoopAsync: NotifyDataAvailable remoteEndPoint: 127.0.0.1:61030 localEndPoint: 127.0.0.1:61029
TpTrace Verbose: 0 : 5416, 13, 2022/10/13, 15:13:04.717, 1530794820598, vstest.console.dll, TestRequestSender.OnExecutionMessageReceived: Received message: {"Version":5,"MessageType":"TestExecution.Completed","Payload":{"TestRunCompleteArgs":{"TestRunStatistics":{"ExecutedTests":18,"Stats":{"Passed":18}},"IsCanceled":false,"IsAborted":false,"Error":null,"AttachmentSets":[],"ElapsedTimeInRunningTests":"00:00:01.1337081","Metrics":{}},"LastRunTests":{"NewTestResults":[{"TestCase":{"Id":"9581f2f8-2387-a347-6dee-e6c356b4c354","FullyQualifiedName":"XUnitTesting.ServicesUT.FilmFranchiseServiceShould.GetFranchisesAsync","DisplayName":"XUnitTesting.ServicesUT.FilmFranchiseServiceShould.GetFranchisesAsync","ExecutorUri":"executor://xunit/VsTestRunner2/netcoreapp","Source":"D:\\Practica2Calidad\\XUnitTesting\\bin\\Debug\\netcoreapp3.1\\fine-code-coverage\\build-output\\XUnitTesting.dll","CodeFilePath":null,"LineNumber":0,"Properties":[]},"Attachments":[],"Outcome":1,"ErrorMessage":null,"ErrorStackTrace":null,"DisplayName":"XUnitTesting.ServicesUT.FilmFranchiseServiceShould.GetFranchisesAsync","Messages":[],"ComputerName":"MAXY","Duration":"00:00:00.0166942","StartTime":"2022-10-13T19:13:04.6833112+00:00","EndTime":"2022-10-13T19:13:04.6833131+00:00","Properties":[]},{"TestCase":{"Id":"233fe2c1-7eeb-28e0-061e-7862a4b69b44","FullyQualifiedName":"XUnitTesting.ServicesUT.FilmFranchiseServiceShould.CreateFranchiseAsync","DisplayName":"XUnitTesting.ServicesUT.FilmFranchiseServiceShould.CreateFranchiseAsync","ExecutorUri":"executor://xunit/VsTestRunner2/netcoreapp","Source":"D:\\Practica2Calidad\\XUnitTesting\\bin\\Debug\\netcoreapp3.1\\fine-code-coverage\\build-output\\XUnitTesting.dll","CodeFilePath":null,"LineNumber":0,"Properties":[]},"Attachments":[],"Outcome":1,"ErrorMessage":null,"ErrorStackTrace":null,"DisplayName":"XUnitTesting.ServicesUT.FilmFranchiseServiceShould.CreateFranchiseAsync","Messages":[],"ComputerName":"MAXY","Duration":"00:00:00.0194881","StartTime":"2022-10-13T19:13:04.7028863+00:00","EndTime":"2022-10-13T19:13:04.7028887+00:00","Properties":[]}],"TestRunStatistics":{"ExecutedTests":18,"Stats":{"Passed":18}},"ActiveTests":[]},"RunAttachments":[],"ExecutorUris":["executor://xunit/VsTestRunner2/netcoreapp"]}}
TpTrace Verbose: 0 : 5416, 13, 2022/10/13, 15:13:04.717, 1530794821331, vstest.console.dll, TestRequestSender.EndSession: Sending end session.
TpTrace Verbose: 0 : 5416, 13, 2022/10/13, 15:13:04.717, 1530794822377, vstest.console.dll, ProxyOperationManager.Close: waiting for test host to exit for 100 ms
TpTrace Warning: 0 : 5416, 12, 2022/10/13, 15:13:04.740, 1530795058521, vstest.console.dll, TestHostManagerCallbacks.ErrorReceivedCallback Test host standard error line: 
TpTrace Verbose: 0 : 5416, 12, 2022/10/13, 15:13:04.756, 1530795214682, vstest.console.dll, TestHostProvider.ExitCallBack: Host exited starting callback.
TpTrace Information: 0 : 5416, 12, 2022/10/13, 15:13:04.756, 1530795218254, vstest.console.dll, TestHostManagerCallbacks.ExitCallBack: Testhost processId: 23580 exited with exitcode: 0 error: ''
TpTrace Verbose: 0 : 5416, 12, 2022/10/13, 15:13:04.756, 1530795218743, vstest.console.dll, DotnetTestHostManager.OnHostExited: invoking OnHostExited callback
TpTrace Verbose: 0 : 5416, 12, 2022/10/13, 15:13:04.757, 1530795219293, vstest.console.dll, CrossPlatEngine.TestHostManagerHostExited: calling on client process exit callback.
TpTrace Information: 0 : 5416, 12, 2022/10/13, 15:13:04.757, 1530795219933, vstest.console.dll, TestRequestSender.OnClientProcessExit: Test host process exited. Standard error: 
TpTrace Information: 0 : 5416, 12, 2022/10/13, 15:13:04.757, 1530795220292, vstest.console.dll, SocketServer.Stop: Stop server endPoint: 127.0.0.1:61029
TpTrace Information: 0 : 5416, 12, 2022/10/13, 15:13:04.757, 1530795220535, vstest.console.dll, SocketServer.Stop: Cancellation requested. Stopping message loop.
TpTrace Information: 0 : 5416, 13, 2022/10/13, 15:13:04.757, 1530795220612, vstest.console.dll, SocketServer.Stop: Stop server endPoint: 127.0.0.1:61029
TpTrace Information: 0 : 5416, 13, 2022/10/13, 15:13:04.757, 1530795221154, vstest.console.dll, SocketServer.Stop: Cancellation requested. Stopping message loop.
TpTrace Verbose: 0 : 5416, 12, 2022/10/13, 15:13:04.757, 1530795221687, vstest.console.dll, MulticastDelegateUtilities.SafeInvoke: HostProviderEvents.OnHostExited: Invoking callback 1/1 for Microsoft.VisualStudio.TestPlatform.CrossPlatEngine.Client.ProxyOperationManager.TestHostManagerHostExited, took 0 ms.
TpTrace Information: 0 : 5416, 13, 2022/10/13, 15:13:04.757, 1530795222095, vstest.console.dll, Closing the connection
TpTrace Verbose: 0 : 5416, 13, 2022/10/13, 15:13:04.757, 1530795223930, vstest.console.dll, ProxyDataCollectionManager.InvokeDataCollectionServiceAction: Starting.
TpTrace Information: 0 : 5416, 13, 2022/10/13, 15:13:04.757, 1530795224355, vstest.console.dll, ProxyDataCollectionManager.AfterTestRunEnd: Get attachment set and invoked data collectors processId: 3320 port: 61026
TpTrace Verbose: 0 : 5416, 13, 2022/10/13, 15:13:04.757, 1530795224752, vstest.console.dll, DataCollectionRequestSender.SendAfterTestRunStartAndGetResult: Send AfterTestRunEnd message with isCancelled: False
TpTrace Verbose: 0 : 5416, 13, 2022/10/13, 15:13:04.762, 1530795274079, vstest.console.dll, DataCollectionRequestSender.SendAfterTestRunStartAndGetResult: Received message: (DataCollection.AfterTestRunEndResult) -> {"MessageType":"DataCollection.AfterTestRunEndResult","Payload":{"AttachmentSets":[],"InvokedDataCollectors":[{"Uri":"datacollector://Microsoft/TestPlatform/Extensions/Blame/v1","FriendlyName":"Blame","AssemblyQualifiedName":"Microsoft.TestPlatform.Extensions.BlameDataCollector.BlameCollector, Microsoft.TestPlatform.Extensions.BlameDataCollector, Version=15.0.0.0, Culture=neutral, PublicKeyToken=b03f5f7f11d50a3a","FilePath":"C:\\Program Files\\dotnet\\sdk\\6.0.401\\Extensions\\Microsoft.TestPlatform.Extensions.BlameDataCollector.dll","HasAttachmentProcessor":false}],"Metrics":{}}}
TpTrace Warning: 0 : 5416, 9, 2022/10/13, 15:13:04.766, 1530795311064, vstest.console.dll, DataCollectionLauncher.ErrorReceivedCallback datacollector standard error line: 
TpTrace Information: 0 : 5416, 13, 2022/10/13, 15:13:04.766, 1530795318529, vstest.console.dll, ProxyDataCollectionManager.InvokeDataCollectionServiceAction: Completed.
TpTrace Information: 0 : 5416, 9, 2022/10/13, 15:13:04.770, 1530795352861, vstest.console.dll, DataCollectionLauncher.ExitCallBack: Data collector exited with exitcode: 0 error: ''
TpTrace Verbose: 0 : 5416, 13, 2022/10/13, 15:13:04.792, 1530795577451, vstest.console.dll, TestRunRequest:SendTestRunStatsChange: Starting.
TpTrace Verbose: 0 : 5416, 13, 2022/10/13, 15:13:04.792, 1530795578361, vstest.console.dll, MulticastDelegateUtilities.SafeInvoke: TestRun.RunStatsChanged: Invoking callbacks was skipped because there are no subscribers.
TpTrace Information: 0 : 5416, 13, 2022/10/13, 15:13:04.792, 1530795578651, vstest.console.dll, TestRunRequest:SendTestRunStatsChange: Completed.
TpTrace Verbose: 0 : 5416, 4, 2022/10/13, 15:13:04.793, 1530795579023, vstest.console.dll, MulticastDelegateUtilities.SafeInvoke: InternalTestLoggerEvents.SendTestResult: Invoking callback 1/1 for Microsoft.VisualStudio.TestPlatform.CommandLine.Internal.ConsoleLogger.TestResultHandler, took 0 ms.
TpTrace Verbose: 0 : 5416, 4, 2022/10/13, 15:13:04.793, 1530795579651, vstest.console.dll, MulticastDelegateUtilities.SafeInvoke: InternalTestLoggerEvents.SendTestResult: Invoking callback 1/1 for Microsoft.VisualStudio.TestPlatform.CommandLine.Internal.ConsoleLogger.TestResultHandler, took 0 ms.
TpTrace Verbose: 0 : 5416, 13, 2022/10/13, 15:13:04.793, 1530795580761, vstest.console.dll, ParallelProxyExecutionManager: HandlePartialRunComplete: Total completed clients = 1, Run complete = True, Run canceled: False.
TpTrace Verbose: 0 : 5416, 4, 2022/10/13, 15:13:04.801, 1530795659132, vstest.console.dll, MulticastDelegateUtilities.SafeInvoke: InternalTestLoggerEvents.SendTestRunComplete: Invoking callback 1/2 for Microsoft.TestPlatform.Extensions.BlameDataCollector.BlameLogger.TestRunCompleteHandler, took 0 ms.
TpTrace Verbose: 0 : 5416, 4, 2022/10/13, 15:13:04.805, 1530795699022, vstest.console.dll, MulticastDelegateUtilities.SafeInvoke: InternalTestLoggerEvents.SendTestRunComplete: Invoking callback 2/2 for Microsoft.VisualStudio.TestPlatform.CommandLine.Internal.ConsoleLogger.TestRunCompleteHandler, took 3 ms.
TpTrace Verbose: 0 : 5416, 13, 2022/10/13, 15:13:04.805, 1530795701175, vstest.console.dll, TestRunRequest:TestRunComplete: Starting. IsAborted:False IsCanceled:False.
TpTrace Verbose: 0 : 5416, 13, 2022/10/13, 15:13:04.806, 1530795709748, vstest.console.dll, TestLoggerManager.HandleTestRunComplete: Ignoring as the object is disposed.
TpTrace Verbose: 0 : 5416, 13, 2022/10/13, 15:13:04.806, 1530795711426, vstest.console.dll, MulticastDelegateUtilities.SafeInvoke: TestRun.TestRunComplete: Invoking callback 1/2 for Microsoft.VisualStudio.TestPlatform.CommandLine.TestRunResultAggregator.TestRunCompletionHandler, took 0 ms.
TpTrace Verbose: 0 : 5416, 13, 2022/10/13, 15:13:04.806, 1530795712074, vstest.console.dll, MulticastDelegateUtilities.SafeInvoke: TestRun.TestRunComplete: Invoking callback 2/2 for Microsoft.VisualStudio.TestPlatform.CommandLine.Processors.RunTestsArgumentExecutor+TestRunRequestEventsRegistrar.TestRunRequest_OnRunCompletion, took 0 ms.
TpTrace Information: 0 : 5416, 13, 2022/10/13, 15:13:04.806, 1530795712837, vstest.console.dll, TestRunRequest:TestRunComplete: Completed.
TpTrace Verbose: 0 : 5416, 13, 2022/10/13, 15:13:04.806, 1530795713197, vstest.console.dll, TestRequestSender.SetOperationComplete: Setting operation complete.
TpTrace Verbose: 0 : 5416, 1, 2022/10/13, 15:13:04.806, 1530795713265, vstest.console.dll, TestRunRequest.Dispose: Starting.
TpTrace Information: 0 : 5416, 13, 2022/10/13, 15:13:04.806, 1530795713467, vstest.console.dll, SocketServer.Stop: Stop server endPoint: 127.0.0.1:61029
TpTrace Information: 0 : 5416, 1, 2022/10/13, 15:13:04.806, 1530795713983, vstest.console.dll, TestRunRequest.Dispose: Completed.
TpTrace Information: 0 : 5416, 13, 2022/10/13, 15:13:04.806, 1530795714318, vstest.console.dll, SocketServer.Stop: Cancellation requested. Stopping message loop.
TpTrace Information: 0 : 5416, 1, 2022/10/13, 15:13:04.806, 1530795714823, vstest.console.dll, TestRequestManager.RunTests: run tests completed.
TpTrace Verbose: 0 : 5416, 13, 2022/10/13, 15:13:04.806, 1530795715209, vstest.console.dll, MulticastDelegateUtilities.SafeInvoke: LengthPrefixCommunicationChannel: MessageReceived: Invoking callback 1/1 for Microsoft.VisualStudio.TestPlatform.CommunicationUtilities.TestRequestSender+<>c__DisplayClass31_0.<StartTestRun>b__1, took 89 ms.
TpTrace Information: 0 : 5416, 1, 2022/10/13, 15:13:04.806, 1530795715885, vstest.console.dll, RunTestsArgumentProcessor:Execute: Test run is completed.
TpTrace Information: 0 : 5416, 13, 2022/10/13, 15:13:04.806, 1530795715973, vstest.console.dll, SocketServer.PrivateStop: Stopping server endPoint: 127.0.0.1:61029 error: 
TpTrace Verbose: 0 : 5416, 1, 2022/10/13, 15:13:04.806, 1530795717170, vstest.console.dll, Executor.Execute: Exiting with exit code of 0
TpTrace Verbose: 0 : 5416, 13, 2022/10/13, 15:13:04.807, 1530795719335, vstest.console.dll, LengthPrefixCommunicationChannel.Dispose: Dispose reader and writer.
TpTrace Information: 0 : 5416, 13, 2022/10/13, 15:13:04.807, 1530795719921, vstest.console.dll, SocketServer.Stop: Raise disconnected event endPoint: 127.0.0.1:61029 error: 
TpTrace Verbose: 0 : 5416, 13, 2022/10/13, 15:13:04.807, 1530795720427, vstest.console.dll, TestRequestSender: OnTestRunAbort: Operation is already complete. Skip error message.
